#
# There is insufficient memory for the Java Runtime Environment to continue.
# Native memory allocation (malloc) failed to allocate 1157296 bytes for Chunk::new
# Possible reasons:
#   The system is out of physical RAM or swap space
#   The process is running with CompressedOops enabled, and the Java Heap may be blocking the growth of the native heap
# Possible solutions:
#   Reduce memory load on the system
#   Increase physical memory or swap space
#   Check if swap backing store is full
#   Decrease Java heap size (-Xmx/-Xms)
#   Decrease number of Java threads
#   Decrease Java thread stack sizes (-Xss)
#   Set larger code cache with -XX:ReservedCodeCacheSize=
#   JVM is running with Zero Based Compressed Oops mode in which the Java heap is
#     placed in the first 32GB address space. The Java Heap base address is the
#     maximum limit for the native heap growth. Please use -XX:HeapBaseMinAddress
#     to set the Java Heap base and to place the Java Heap above 32GB virtual address.
# This output file may be truncated or incomplete.
#
#  Out of Memory Error (allocation.cpp:389), pid=22136, tid=0x00000000000055f8
#
# JRE version: Java(TM) SE Runtime Environment (8.0_261-b12) (build 1.8.0_261-b12)
# Java VM: Java HotSpot(TM) 64-Bit Server VM (25.261-b12 mixed mode windows-amd64 compressed oops)
# Failed to write core dump. Minidumps are not enabled by default on client versions of Windows
#

---------------  T H R E A D  ---------------

Current thread (0x000001feb9f8f000):  JavaThread "C2 CompilerThread1" daemon [_thread_in_native, id=22008, stack(0x0000004190000000,0x0000004190100000)]

Stack: [0x0000004190000000,0x0000004190100000]
Native frames: (J=compiled Java code, j=interpreted, Vv=VM code, C=native code)
V  [jvm.dll+0x33e5f9]
V  [jvm.dll+0x2850e2]
V  [jvm.dll+0x285d8d]
V  [jvm.dll+0x27c895]
V  [jvm.dll+0xe4d6c]
V  [jvm.dll+0xe556c]
V  [jvm.dll+0x47ece3]
V  [jvm.dll+0x446900]
V  [jvm.dll+0x44f8f5]
V  [jvm.dll+0x44ecb5]
V  [jvm.dll+0x439bc7]
V  [jvm.dll+0xbbbcb]
V  [jvm.dll+0xba22b]
V  [jvm.dll+0x24d962]
V  [jvm.dll+0x2a1cfc]
C  [ucrtbase.dll+0x210b2]
C  [KERNEL32.DLL+0x17c24]
C  [ntdll.dll+0x6d721]


Current CompileTask:
C2:  41000 6825       4       com.sun.tools.javac.jvm.ClassWriter::writeClassFile (1177 bytes)


---------------  P R O C E S S  ---------------

Java Threads: ( => current thread )
  0x000001febc3bc800 JavaThread "/127.0.0.1:65248 to /127.0.0.1:65247 workers Thread 3" [_thread_in_native, id=25412, stack(0x0000004190800000,0x0000004190900000)]
  0x000001febc3bb800 JavaThread "/127.0.0.1:65248 to /127.0.0.1:65247 workers Thread 2" [_thread_blocked, id=5252, stack(0x0000004190700000,0x0000004190800000)]
  0x000001febc23d800 JavaThread "/127.0.0.1:65248 to /127.0.0.1:65247 workers" [_thread_in_Java, id=20452, stack(0x0000004190600000,0x0000004190700000)]
  0x000001febb492800 JavaThread "Service Thread" daemon [_thread_blocked, id=3652, stack(0x0000004190300000,0x0000004190400000)]
  0x000001feb9f99000 JavaThread "C1 CompilerThread3" daemon [_thread_blocked, id=20132, stack(0x0000004190200000,0x0000004190300000)]
  0x000001feb9f90000 JavaThread "C2 CompilerThread2" daemon [_thread_in_native, id=24592, stack(0x0000004190100000,0x0000004190200000)]
=>0x000001feb9f8f000 JavaThread "C2 CompilerThread1" daemon [_thread_in_native, id=22008, stack(0x0000004190000000,0x0000004190100000)]
  0x000001feb9f8d800 JavaThread "C2 CompilerThread0" daemon [_thread_in_native, id=23556, stack(0x000000418ff00000,0x0000004190000000)]
  0x000001feb9f8c000 JavaThread "Attach Listener" daemon [_thread_blocked, id=7848, stack(0x000000418fe00000,0x000000418ff00000)]
  0x000001feb9f8b000 JavaThread "Signal Dispatcher" daemon [_thread_blocked, id=24704, stack(0x000000418fd00000,0x000000418fe00000)]
  0x000001feb92db000 JavaThread "Finalizer" daemon [_thread_blocked, id=17912, stack(0x000000418fc00000,0x000000418fd00000)]
  0x000001feb9ee8800 JavaThread "Reference Handler" daemon [_thread_blocked, id=24228, stack(0x000000418fb00000,0x000000418fc00000)]
  0x000001fe9e953000 JavaThread "main" [_thread_blocked, id=25072, stack(0x000000418f100000,0x000000418f200000)]

Other Threads:
  0x000001feb9ec3000 VMThread [stack: 0x000000418fa00000,0x000000418fb00000] [id=14060]
  0x000001febb4b9000 WatcherThread [stack: 0x0000004190400000,0x0000004190500000] [id=15468]

VM state:not at safepoint (normal execution)

VM Mutex/Monitor currently owned by a thread: None

heap address: 0x00000006c2800000, size: 4056 MB, Compressed Oops mode: Zero based, Oop shift amount: 3
Narrow klass base: 0x0000000000000000, Narrow klass shift: 3
Compressed class space size: 1073741824 Address: 0x00000007c0000000

Heap:
 PSYoungGen      total 1228288K, used 160578K [0x000000076b800000, 0x00000007c0000000, 0x00000007c0000000)
  eden space 1154048K, 13% used [0x000000076b800000,0x00000007754d0a50,0x00000007b1f00000)
  from space 74240K, 0% used [0x00000007bb500000,0x00000007bb500000,0x00000007bfd80000)
  to   space 115200K, 0% used [0x00000007b1f00000,0x00000007b1f00000,0x00000007b8f80000)
 ParOldGen       total 211456K, used 170221K [0x00000006c2800000, 0x00000006cf680000, 0x000000076b800000)
  object space 211456K, 80% used [0x00000006c2800000,0x00000006cce3b5f8,0x00000006cf680000)
 Metaspace       used 16350K, capacity 16756K, committed 17152K, reserved 1064960K
  class space    used 1798K, capacity 1932K, committed 2048K, reserved 1048576K

Card table byte_map: [0x000001feaf5a0000,0x000001feafd90000] byte_map_base: 0x000001feabf8c000

Marking Bits: (ParMarkBitMap*) 0x0000000054374fb0
 Begin Bits: [0x000001feb02e0000, 0x000001feb4240000)
 End Bits:   [0x000001feb4240000, 0x000001feb81a0000)

Polling page: 0x000001fe9e910000

CodeCache: size=245760Kb used=21612Kb max_used=22139Kb free=224147Kb
 bounds [0x000001fea01e0000, 0x000001fea1810000, 0x000001feaf1e0000]
 total_blobs=4790 nmethods=4418 adapters=282
 compilation: enabled

Compilation events (10 events):
Event: 40.663 Thread 0x000001feb9f8d800 6822       4       com.sun.tools.javac.code.Types$8::visitClassType (987 bytes)
Event: 40.668 Thread 0x000001feb9f8f000 6823   !   4       com.sun.tools.javac.jvm.Gen::genClass (353 bytes)
Event: 40.687 Thread 0x000001feb9f99000 6824       3       com.sun.tools.javac.code.Types::interfaceCandidates (117 bytes)
Event: 40.688 Thread 0x000001feb9f99000 nmethod 6824 0x000001fea0bee650 code [0x000001fea0bee900, 0x000001fea0befe10]
Event: 40.707 Thread 0x000001feb9f8f000 nmethod 6823 0x000001fea0f307d0 code [0x000001fea0f30a00, 0x000001fea0f31a10]
Event: 40.707 Thread 0x000001feb9f8f000 6825       4       com.sun.tools.javac.jvm.ClassWriter::writeClassFile (1177 bytes)
Event: 40.751 Thread 0x000001feb9f99000 6826       3       com.sun.tools.javac.jvm.Items$MemberItem::duplicate (13 bytes)
Event: 40.751 Thread 0x000001feb9f99000 nmethod 6826 0x000001fea0d64490 code [0x000001fea0d64600, 0x000001fea0d64870]
Event: 40.819 Thread 0x000001feb9f99000 6828       1       com.sun.tools.javac.comp.MemberEnter$InitTreeVisitor::visitApply (6 bytes)
Event: 40.819 Thread 0x000001feb9f99000 nmethod 6828 0x000001fea0ab3b50 code [0x000001fea0ab3ca0, 0x000001fea0ab3db8]

GC Heap History (10 events):
Event: 15.996 GC heap before
{Heap before GC invocations=9 (full 0):
 PSYoungGen      total 564736K, used 537923K [0x000000076b800000, 0x0000000792000000, 0x00000007c0000000)
  eden space 500224K, 100% used [0x000000076b800000,0x000000078a080000,0x000000078a080000)
  from space 64512K, 58% used [0x000000078e000000,0x00000007904d0e58,0x0000000791f00000)
  to   space 65024K, 0% used [0x000000078a080000,0x000000078a080000,0x000000078e000000)
 ParOldGen       total 173568K, used 82819K [0x00000006c2800000, 0x00000006cd180000, 0x000000076b800000)
  object space 173568K, 47% used [0x00000006c2800000,0x00000006c78e0ff8,0x00000006cd180000)
 Metaspace       used 15841K, capacity 16194K, committed 16512K, reserved 1064960K
  class space    used 1761K, capacity 1897K, committed 1920K, reserved 1048576K
Event: 16.056 GC heap after
Heap after GC invocations=9 (full 0):
 PSYoungGen      total 565248K, used 55926K [0x000000076b800000, 0x00000007a5300000, 0x00000007c0000000)
  eden space 500224K, 0% used [0x000000076b800000,0x000000076b800000,0x000000078a080000)
  from space 65024K, 86% used [0x000000078a080000,0x000000078d71d9e0,0x000000078e000000)
  to   space 72192K, 0% used [0x00000007a0c80000,0x00000007a0c80000,0x00000007a5300000)
 ParOldGen       total 173568K, used 89202K [0x00000006c2800000, 0x00000006cd180000, 0x000000076b800000)
  object space 173568K, 51% used [0x00000006c2800000,0x00000006c7f1c900,0x00000006cd180000)
 Metaspace       used 15841K, capacity 16194K, committed 16512K, reserved 1064960K
  class space    used 1761K, capacity 1897K, committed 1920K, reserved 1048576K
}
Event: 22.000 GC heap before
{Heap before GC invocations=10 (full 0):
 PSYoungGen      total 565248K, used 556150K [0x000000076b800000, 0x00000007a5300000, 0x00000007c0000000)
  eden space 500224K, 100% used [0x000000076b800000,0x000000078a080000,0x000000078a080000)
  from space 65024K, 86% used [0x000000078a080000,0x000000078d71d9e0,0x000000078e000000)
  to   space 72192K, 0% used [0x00000007a0c80000,0x00000007a0c80000,0x00000007a5300000)
 ParOldGen       total 173568K, used 89202K [0x00000006c2800000, 0x00000006cd180000, 0x000000076b800000)
  object space 173568K, 51% used [0x00000006c2800000,0x00000006c7f1c900,0x00000006cd180000)
 Metaspace       used 16157K, capacity 16514K, committed 16768K, reserved 1064960K
  class space    used 1787K, capacity 1897K, committed 1920K, reserved 1048576K
Event: 22.071 GC heap after
Heap after GC invocations=10 (full 0):
 PSYoungGen      total 866304K, used 59946K [0x000000076b800000, 0x00000007a6000000, 0x00000007c0000000)
  eden space 794112K, 0% used [0x000000076b800000,0x000000076b800000,0x000000079bf80000)
  from space 72192K, 83% used [0x00000007a0c80000,0x00000007a470ab10,0x00000007a5300000)
  to   space 78848K, 0% used [0x000000079bf80000,0x000000079bf80000,0x00000007a0c80000)
 ParOldGen       total 173568K, used 119179K [0x00000006c2800000, 0x00000006cd180000, 0x000000076b800000)
  object space 173568K, 68% used [0x00000006c2800000,0x00000006c9c62fe0,0x00000006cd180000)
 Metaspace       used 16157K, capacity 16514K, committed 16768K, reserved 1064960K
  class space    used 1787K, capacity 1897K, committed 1920K, reserved 1048576K
}
Event: 37.103 GC heap before
{Heap before GC invocations=11 (full 0):
 PSYoungGen      total 866304K, used 854058K [0x000000076b800000, 0x00000007a6000000, 0x00000007c0000000)
  eden space 794112K, 100% used [0x000000076b800000,0x000000079bf80000,0x000000079bf80000)
  from space 72192K, 83% used [0x00000007a0c80000,0x00000007a470ab10,0x00000007a5300000)
  to   space 78848K, 0% used [0x000000079bf80000,0x000000079bf80000,0x00000007a0c80000)
 ParOldGen       total 173568K, used 119179K [0x00000006c2800000, 0x00000006cd180000, 0x000000076b800000)
  object space 173568K, 68% used [0x00000006c2800000,0x00000006c9c62fe0,0x00000006cd180000)
 Metaspace       used 16262K, capacity 16660K, committed 16768K, reserved 1064960K
  class space    used 1790K, capacity 1900K, committed 1920K, reserved 1048576K
Event: 37.133 GC heap after
Heap after GC invocations=11 (full 0):
 PSYoungGen      total 872960K, used 34262K [0x000000076b800000, 0x00000007bfd80000, 0x00000007c0000000)
  eden space 794112K, 0% used [0x000000076b800000,0x000000076b800000,0x000000079bf80000)
  from space 78848K, 43% used [0x000000079bf80000,0x000000079e0f5b58,0x00000007a0c80000)
  to   space 74240K, 0% used [0x00000007bb500000,0x00000007bb500000,0x00000007bfd80000)
 ParOldGen       total 173568K, used 129191K [0x00000006c2800000, 0x00000006cd180000, 0x000000076b800000)
  object space 173568K, 74% used [0x00000006c2800000,0x00000006ca629f18,0x00000006cd180000)
 Metaspace       used 16262K, capacity 16660K, committed 16768K, reserved 1064960K
  class space    used 1790K, capacity 1900K, committed 1920K, reserved 1048576K
}
Event: 39.613 GC heap before
{Heap before GC invocations=12 (full 0):
 PSYoungGen      total 872960K, used 828374K [0x000000076b800000, 0x00000007bfd80000, 0x00000007c0000000)
  eden space 794112K, 100% used [0x000000076b800000,0x000000079bf80000,0x000000079bf80000)
  from space 78848K, 43% used [0x000000079bf80000,0x000000079e0f5b58,0x00000007a0c80000)
  to   space 74240K, 0% used [0x00000007bb500000,0x00000007bb500000,0x00000007bfd80000)
 ParOldGen       total 173568K, used 129191K [0x00000006c2800000, 0x00000006cd180000, 0x000000076b800000)
  object space 173568K, 74% used [0x00000006c2800000,0x00000006ca629f18,0x00000006cd180000)
 Metaspace       used 16350K, capacity 16756K, committed 17152K, reserved 1064960K
  class space    used 1798K, capacity 1932K, committed 2048K, reserved 1048576K
Event: 39.712 GC heap after
Heap after GC invocations=12 (full 0):
 PSYoungGen      total 1228288K, used 74220K [0x000000076b800000, 0x00000007c0000000, 0x00000007c0000000)
  eden space 1154048K, 0% used [0x000000076b800000,0x000000076b800000,0x00000007b1f00000)
  from space 74240K, 99% used [0x00000007bb500000,0x00000007bfd7b0d8,0x00000007bfd80000)
  to   space 115200K, 0% used [0x00000007b1f00000,0x00000007b1f00000,0x00000007b8f80000)
 ParOldGen       total 211456K, used 210693K [0x00000006c2800000, 0x00000006cf680000, 0x000000076b800000)
  object space 211456K, 99% used [0x00000006c2800000,0x00000006cf5c16c0,0x00000006cf680000)
 Metaspace       used 16350K, capacity 16756K, committed 17152K, reserved 1064960K
  class space    used 1798K, capacity 1932K, committed 2048K, reserved 1048576K
}
Event: 39.712 GC heap before
{Heap before GC invocations=13 (full 1):
 PSYoungGen      total 1228288K, used 74220K [0x000000076b800000, 0x00000007c0000000, 0x00000007c0000000)
  eden space 1154048K, 0% used [0x000000076b800000,0x000000076b800000,0x00000007b1f00000)
  from space 74240K, 99% used [0x00000007bb500000,0x00000007bfd7b0d8,0x00000007bfd80000)
  to   space 115200K, 0% used [0x00000007b1f00000,0x00000007b1f00000,0x00000007b8f80000)
 ParOldGen       total 211456K, used 210693K [0x00000006c2800000, 0x00000006cf680000, 0x000000076b800000)
  object space 211456K, 99% used [0x00000006c2800000,0x00000006cf5c16c0,0x00000006cf680000)
 Metaspace       used 16350K, capacity 16756K, committed 17152K, reserved 1064960K
  class space    used 1798K, capacity 1932K, committed 2048K, reserved 1048576K
Event: 40.222 GC heap after
Heap after GC invocations=13 (full 1):
 PSYoungGen      total 1228288K, used 0K [0x000000076b800000, 0x00000007c0000000, 0x00000007c0000000)
  eden space 1154048K, 0% used [0x000000076b800000,0x000000076b800000,0x00000007b1f00000)
  from space 74240K, 0% used [0x00000007bb500000,0x00000007bb500000,0x00000007bfd80000)
  to   space 115200K, 0% used [0x00000007b1f00000,0x00000007b1f00000,0x00000007b8f80000)
 ParOldGen       total 211456K, used 170221K [0x00000006c2800000, 0x00000006cf680000, 0x000000076b800000)
  object space 211456K, 80% used [0x00000006c2800000,0x00000006cce3b5f8,0x00000006cf680000)
 Metaspace       used 16350K, capacity 16756K, committed 17152K, reserved 1064960K
  class space    used 1798K, capacity 1932K, committed 2048K, reserved 1048576K
}

Deoptimization events (10 events):
Event: 39.462 Thread 0x000001febc23d800 Uncommon trap: reason=unstable_if action=reinterpret pc=0x000001fea0524430 method=com.sun.tools.javac.jvm.Gen.visitSelect(Lcom/sun/tools/javac/tree/JCTree$JCFieldAccess;)V @ 307
Event: 39.474 Thread 0x000001febc23d800 Uncommon trap: reason=unstable_if action=reinterpret pc=0x000001fea1773148 method=com.sun.tools.javac.comp.Resolve.isAccessible(Lcom/sun/tools/javac/comp/Env;Lcom/sun/tools/javac/code/Type;Lcom/sun/tools/javac/code/Symbol;Z)Z @ 227
Event: 39.496 Thread 0x000001febc23d800 Uncommon trap: reason=speculate_class_check action=maybe_recompile pc=0x000001fea0b86d7c method=com.sun.tools.javac.tree.JCTree.hasTag(Lcom/sun/tools/javac/tree/JCTree$Tag;)Z @ 2
Event: 39.496 Thread 0x000001febc23d800 Uncommon trap: reason=speculate_class_check action=maybe_recompile pc=0x000001fea0b86d7c method=com.sun.tools.javac.tree.JCTree.hasTag(Lcom/sun/tools/javac/tree/JCTree$Tag;)Z @ 2
Event: 39.496 Thread 0x000001febc23d800 Uncommon trap: reason=class_check action=maybe_recompile pc=0x000001fea1686fb8 method=com.sun.tools.javac.comp.Lower.visitIf(Lcom/sun/tools/javac/tree/JCTree$JCIf;)V @ 28
Event: 39.508 Thread 0x000001febc23d800 Uncommon trap: reason=unstable_if action=reinterpret pc=0x000001fea1563988 method=com.sun.tools.javac.comp.Attr.visitMethodDef(Lcom/sun/tools/javac/tree/JCTree$JCMethodDecl;)V @ 1009
Event: 39.508 Thread 0x000001febc23d800 Uncommon trap: reason=unstable_if action=reinterpret pc=0x000001fea10f31a8 method=com.sun.tools.javac.comp.Attr.isStaticEnumField(Lcom/sun/tools/javac/code/Symbol$VarSymbol;)Z @ 35
Event: 39.517 Thread 0x000001febc23d800 Uncommon trap: reason=class_check action=maybe_recompile pc=0x000001fea0726504 method=com.sun.tools.javac.comp.Flow$AliveAnalyzer.visitClassDef(Lcom/sun/tools/javac/tree/JCTree$JCClassDecl;)V @ 190
Event: 39.517 Thread 0x000001febc23d800 Uncommon trap: reason=class_check action=maybe_recompile pc=0x000001fea08e7a70 method=com.sun.tools.javac.comp.Flow$AssignAnalyzer.visitClassDef(Lcom/sun/tools/javac/tree/JCTree$JCClassDecl;)V @ 429
Event: 39.517 Thread 0x000001febc23d800 Uncommon trap: reason=class_check action=maybe_recompile pc=0x000001fea159b3a8 method=com.sun.tools.javac.comp.Flow$FlowAnalyzer.visitClassDef(Lcom/sun/tools/javac/tree/JCTree$JCClassDecl;)V @ 356

Classes redefined (0 events):
No events

Internal exceptions (10 events):
Event: 36.693 Thread 0x000001febc23d800 Exception <a 'java/security/PrivilegedActionException'> (0x00000007966e3f98) thrown at [C:\jenkins\workspace\8-2-build-windows-amd64-cygwin\jdk8u261\295\hotspot\src\share\vm\prims\jvm.cpp, line 1512]
Event: 37.789 Thread 0x000001febc23d800 Exception <a 'java/io/FileNotFoundException'> (0x0000000781182870) thrown at [C:\jenkins\workspace\8-2-build-windows-amd64-cygwin\jdk8u261\295\hotspot\src\share\vm\prims\jni.cpp, line 710]
Event: 37.789 Thread 0x000001febc23d800 Exception <a 'java/io/FileNotFoundException'> (0x0000000781184370) thrown at [C:\jenkins\workspace\8-2-build-windows-amd64-cygwin\jdk8u261\295\hotspot\src\share\vm\prims\jni.cpp, line 710]
Event: 37.804 Thread 0x000001febc23d800 Exception <a 'java/io/FileNotFoundException'> (0x00000007813e2040) thrown at [C:\jenkins\workspace\8-2-build-windows-amd64-cygwin\jdk8u261\295\hotspot\src\share\vm\prims\jni.cpp, line 710]
Event: 37.804 Thread 0x000001febc23d800 Exception <a 'java/io/FileNotFoundException'> (0x00000007813e3588) thrown at [C:\jenkins\workspace\8-2-build-windows-amd64-cygwin\jdk8u261\295\hotspot\src\share\vm\prims\jni.cpp, line 710]
Event: 37.804 Thread 0x000001febc23d800 Exception <a 'java/io/FileNotFoundException'> (0x00000007813e4a90) thrown at [C:\jenkins\workspace\8-2-build-windows-amd64-cygwin\jdk8u261\295\hotspot\src\share\vm\prims\jni.cpp, line 710]
Event: 37.804 Thread 0x000001febc23d800 Exception <a 'java/io/FileNotFoundException'> (0x00000007813e6000) thrown at [C:\jenkins\workspace\8-2-build-windows-amd64-cygwin\jdk8u261\295\hotspot\src\share\vm\prims\jni.cpp, line 710]
Event: 37.804 Thread 0x000001febc23d800 Exception <a 'java/io/FileNotFoundException'> (0x00000007813e74f0) thrown at [C:\jenkins\workspace\8-2-build-windows-amd64-cygwin\jdk8u261\295\hotspot\src\share\vm\prims\jni.cpp, line 710]
Event: 37.804 Thread 0x000001febc23d800 Exception <a 'java/io/FileNotFoundException'> (0x00000007813e8a58) thrown at [C:\jenkins\workspace\8-2-build-windows-amd64-cygwin\jdk8u261\295\hotspot\src\share\vm\prims\jni.cpp, line 710]
Event: 38.806 Thread 0x000001febc23d800 Implicit null exception at 0x000001fea02fc5e3 to 0x000001fea02fc9a9

Events (10 events):
Event: 40.248 Thread 0x000001feb9f90000 flushing nmethod 0x000001fea157d490
Event: 40.249 Thread 0x000001feb9f90000 flushing nmethod 0x000001fea15f0e90
Event: 40.249 Thread 0x000001feb9f90000 flushing nmethod 0x000001fea16e3f10
Event: 40.249 Thread 0x000001feb9f90000 flushing nmethod 0x000001fea16fe410
Event: 40.450 Thread 0x000001febc23d800 DEOPT PACKING pc=0x000001fea0d0661b sp=0x00000041906fcf90
Event: 40.450 Thread 0x000001febc23d800 DEOPT UNPACKING pc=0x000001fea0227898 sp=0x00000041906fcf98 mode 0
Event: 40.752 Thread 0x000001febc23d800 DEOPT PACKING pc=0x000001fea0cb23c9 sp=0x00000041906fd5b0
Event: 40.752 Thread 0x000001febc23d800 DEOPT UNPACKING pc=0x000001fea0227898 sp=0x00000041906fd2c0 mode 0
Event: 40.755 Thread 0x000001febc23d800 DEOPT PACKING pc=0x000001fea0d0661b sp=0x00000041906fcf90
Event: 40.755 Thread 0x000001febc23d800 DEOPT UNPACKING pc=0x000001fea0227898 sp=0x00000041906fcf98 mode 0


Dynamic libraries:
0x00007ff7fc9f0000 - 0x00007ff7fca37000 	C:\Program Files\Java\jdk1.8.0_261\bin\java.exe
0x00007ffb580a0000 - 0x00007ffb58290000 	C:\Windows\SYSTEM32\ntdll.dll
0x00007ffb57020000 - 0x00007ffb570d2000 	C:\Windows\System32\KERNEL32.DLL
0x00007ffb553b0000 - 0x00007ffb55655000 	C:\Windows\System32\KERNELBASE.dll
0x00007ffb56a80000 - 0x00007ffb56b23000 	C:\Windows\System32\ADVAPI32.dll
0x00007ffb569e0000 - 0x00007ffb56a7e000 	C:\Windows\System32\msvcrt.dll
0x00007ffb57230000 - 0x00007ffb572c7000 	C:\Windows\System32\sechost.dll
0x00007ffb56b90000 - 0x00007ffb56caf000 	C:\Windows\System32\RPCRT4.dll
0x00007ffb56300000 - 0x00007ffb56494000 	C:\Windows\System32\USER32.dll
0x00007ffb55380000 - 0x00007ffb553a1000 	C:\Windows\System32\win32u.dll
0x00007ffb56150000 - 0x00007ffb56176000 	C:\Windows\System32\GDI32.dll
0x00007ffb55660000 - 0x00007ffb557f8000 	C:\Windows\System32\gdi32full.dll
0x00007ffb551e0000 - 0x00007ffb5527e000 	C:\Windows\System32\msvcp_win.dll
0x00007ffb55280000 - 0x00007ffb5537a000 	C:\Windows\System32\ucrtbase.dll
0x00007ffb39880000 - 0x00007ffb39b04000 	C:\Windows\WinSxS\amd64_microsoft.windows.common-controls_6595b64144ccf1df_6.0.18362.1556_none_9e7e372fe45e41d5\COMCTL32.dll
0x00007ffb572d0000 - 0x00007ffb57606000 	C:\Windows\System32\combase.dll
0x00007ffb55940000 - 0x00007ffb559c1000 	C:\Windows\System32\bcryptPrimitives.dll
0x00007ffb57670000 - 0x00007ffb5769e000 	C:\Windows\System32\IMM32.DLL
0x00007ffb2fdb0000 - 0x00007ffb2fdc5000 	C:\Program Files\Java\jdk1.8.0_261\jre\bin\vcruntime140.dll
0x00007ffb14dd0000 - 0x00007ffb14e6b000 	C:\Program Files\Java\jdk1.8.0_261\jre\bin\msvcp140.dll
0x0000000053b80000 - 0x00000000543ec000 	C:\Program Files\Java\jdk1.8.0_261\jre\bin\server\jvm.dll
0x00007ffb56ed0000 - 0x00007ffb56ed8000 	C:\Windows\System32\PSAPI.DLL
0x00007ffb513b0000 - 0x00007ffb513b9000 	C:\Windows\SYSTEM32\WSOCK32.dll
0x00007ffb51be0000 - 0x00007ffb51c04000 	C:\Windows\SYSTEM32\WINMM.dll
0x00007ffb570f0000 - 0x00007ffb5715f000 	C:\Windows\System32\WS2_32.dll
0x00007ffb479d0000 - 0x00007ffb479da000 	C:\Windows\SYSTEM32\VERSION.dll
0x00007ffb51bb0000 - 0x00007ffb51bdd000 	C:\Windows\SYSTEM32\WINMMBASE.dll
0x00007ffb55190000 - 0x00007ffb551da000 	C:\Windows\System32\cfgmgr32.dll
0x00007ffb54fd0000 - 0x00007ffb54fe1000 	C:\Windows\System32\kernel.appcore.dll
0x00007ffb3e970000 - 0x00007ffb3e980000 	C:\Program Files\Java\jdk1.8.0_261\jre\bin\verify.dll
0x00007ffb2a4a0000 - 0x00007ffb2a4cb000 	C:\Program Files\Java\jdk1.8.0_261\jre\bin\java.dll
0x00007ffb2fce0000 - 0x00007ffb2fcf8000 	C:\Program Files\Java\jdk1.8.0_261\jre\bin\zip.dll
0x00007ffb57970000 - 0x00007ffb58057000 	C:\Windows\System32\SHELL32.dll
0x00007ffb576a0000 - 0x00007ffb57748000 	C:\Windows\System32\shcore.dll
0x00007ffb559d0000 - 0x00007ffb5614b000 	C:\Windows\System32\windows.storage.dll
0x00007ffb54ff0000 - 0x00007ffb5500e000 	C:\Windows\System32\profapi.dll
0x00007ffb54f80000 - 0x00007ffb54fca000 	C:\Windows\System32\powrprof.dll
0x00007ffb54f50000 - 0x00007ffb54f60000 	C:\Windows\System32\UMPDC.dll
0x00007ffb56b30000 - 0x00007ffb56b82000 	C:\Windows\System32\shlwapi.dll
0x00007ffb55170000 - 0x00007ffb55187000 	C:\Windows\System32\cryptsp.dll
0x00007ffb2a480000 - 0x00007ffb2a49c000 	C:\Program Files\Java\jdk1.8.0_261\jre\bin\net.dll
0x00007ffb54730000 - 0x00007ffb54797000 	C:\Windows\system32\mswsock.dll
0x00007ffb2a160000 - 0x00007ffb2a173000 	C:\Program Files\Java\jdk1.8.0_261\jre\bin\nio.dll
0x00007ffb30730000 - 0x00007ffb30742000 	C:\Users\User\.gradle\native\19\windows-amd64\native-platform.dll
0x00007ffb542b0000 - 0x00007ffb542e3000 	C:\Windows\system32\rsaenh.dll
0x00007ffb55910000 - 0x00007ffb55936000 	C:\Windows\System32\bcrypt.dll
0x00007ffb54e70000 - 0x00007ffb54e95000 	C:\Windows\SYSTEM32\USERENV.dll
0x00007ffb54900000 - 0x00007ffb5490c000 	C:\Windows\SYSTEM32\CRYPTBASE.dll
0x00007ffb54440000 - 0x00007ffb5447a000 	C:\Windows\SYSTEM32\IPHLPAPI.DLL
0x00007ffb570e0000 - 0x00007ffb570e8000 	C:\Windows\System32\NSI.dll
0x00007ffb47720000 - 0x00007ffb47736000 	C:\Windows\SYSTEM32\dhcpcsvc6.DLL
0x00007ffb47880000 - 0x00007ffb4789c000 	C:\Windows\SYSTEM32\dhcpcsvc.DLL
0x00007ffb54480000 - 0x00007ffb5454b000 	C:\Windows\SYSTEM32\DNSAPI.dll
0x00007ffb47ab0000 - 0x00007ffb47ca4000 	C:\Windows\SYSTEM32\dbghelp.dll

VM Arguments:
jvm_args: -Djava.security.manager=worker.org.gradle.process.internal.worker.child.BootstrapSecurityManager -Dfile.encoding=UTF-8 -Duser.country=US -Duser.language=en -Duser.variant 
java_command: worker.org.gradle.process.internal.worker.GradleWorkerMain 'Gradle Compiler Daemon 1'
java_class_path (initial): C:\Users\User\.gradle\caches\3.0\workerMain\gradle-worker.jar
Launcher Type: SUN_STANDARD

Environment Variables:
JAVA_HOME=C:\Program Files\Java\jdk1.8.0_261
PATH=C:/Program Files/Java/jre1.8.0_261/bin/server;C:/Program Files/Java/jre1.8.0_261/bin;C:/Program Files/Java/jre1.8.0_261/lib/amd64;C:\Program Files (x86)\Common Files\Oracle\Java\javapath;C:\Windows\system32;C:\Windows;C:\Windows\System32\Wbem;C:\Windows\System32\WindowsPowerShell\v1.0\;C:\Windows\System32\OpenSSH\;C:\Program Files\Java\jdk1.8.0_261\bin;C:\Program Files (x86)\Intel\Intel(R) Management Engine Components\DAL;C:\Program Files\Intel\Intel(R) Management Engine Components\DAL;C:\Users\User\.jpm\windows\bin;C:\Program Files\Git\cmd;C:\Program Files\PuTTY\;E:\Downloads\apache-tomcat-7.0.107\apache-tomcat-7.0.107\bin;C:\Program Files\MySQL\MySQL Shell 8.0\bin\;C:\Users\User\AppData\Local\Microsoft\WindowsApps;C:\Program Files (x86)\Sophos\Sophos SSL VPN Client\bin;C:\Program Files (x86)\LiferayWorkspacewithDevStudioCommunityEdition\liferay-developer-studio;
USERNAME=User
OS=Windows_NT
PROCESSOR_IDENTIFIER=Intel64 Family 6 Model 142 Stepping 12, GenuineIntel



---------------  S Y S T E M  ---------------

OS: Windows 10.0 , 64 bit Build 18362 (10.0.18362.1500)

CPU:total 8 (initial active 8) (4 cores per cpu, 2 threads per core) family 6 model 142 stepping 12, cmov, cx8, fxsr, mmx, sse, sse2, sse3, ssse3, sse4.1, sse4.2, popcnt, avx, avx2, aes, clmul, erms, 3dnowpref, lzcnt, ht, tsc, tscinvbit, bmi1, bmi2, adx

Memory: 4k page, physical 16611308k(3114520k free), swap 30263912k(8224k free)

vm_info: Java HotSpot(TM) 64-Bit Server VM (25.261-b12) for windows-amd64 JRE (1.8.0_261-b12), built on Jun 18 2020 06:56:32 by "" with unknown MS VC++:1916

time: Mon Jun  7 16:01:31 2021
timezone: SE Asia Standard Time
elapsed time: 41 seconds (0d 0h 0m 41s)

