#
# A fatal error has been detected by the Java Runtime Environment:
#
#  SIGBUS (0xa) at pc=0x0000000100598e92, pid=1479, tid=0x0000000000005513
#
# JRE version: Java(TM) SE Runtime Environment (8.0_161-b12) (build 1.8.0_161-b12)
# Java VM: Java HotSpot(TM) 64-Bit Server VM (25.161-b12 mixed mode bsd-amd64 compressed oops)
# Problematic frame:
# C  [libzip.dylib+0x2e92]  newEntry+0x154
#
# Failed to write core dump. Core dumps have been disabled. To enable core dumping, try "ulimit -c unlimited" before starting Java again
#
# If you would like to submit a bug report, please visit:
#   http://bugreport.java.com/bugreport/crash.jsp
# The crash happened outside the Java Virtual Machine in native code.
# See problematic frame for where to report the bug.
#

---------------  T H R E A D  ---------------

Current thread (0x00007fd8de31d800):  JavaThread "Task worker for ':' Thread 2" [_thread_in_native, id=21779, stack(0x0000700004246000,0x0000700004346000)]

siginfo: si_signo: 10 (SIGBUS), si_code: 2 (BUS_ADRERR), si_addr: 0x000000010823168e

Registers:
RAX=0x00007fd8dcfd9c30, RBX=0x0000000108231682, RCX=0x0000000000000001, RDX=0x0000000000000000
RSP=0x0000700004342b20, RBP=0x0000700004342b80, RSI=0x000000007fffffff, RDI=0x00000000000004d2
R8 =0x000000008dce4d43, R9 =0x0000000000000004, R10=0x00000000fffffff8, R11=0x00007fd8dce00000
R12=0x00007fd8de2b9400, R13=0x0000000000001dc0, R14=0x00000000219e4f86, R15=0x00007fd8df101420
RIP=0x0000000100598e92, EFLAGS=0x0000000000010206, ERR=0x0000000000000004
  TRAPNO=0x000000000000000e

Top of Stack: (sp=0x0000700004342b20)
0x0000700004342b20:   00000007ac62b990 0000000000000007
0x0000700004342b30:   0000700004342bc0 0000000109eca7a7
0x0000700004342b40:   0000700004342b60 00007fd8dcfd9c30
0x0000700004342b50:   00007fd8dce4d3e0 00007fd8dcfd9c30
0x0000700004342b60:   00007fd8de2b9400 0000000000001dc0
0x0000700004342b70:   00000000219e4f86 00007fd8df101420
0x0000700004342b80:   0000700004342be0 000000010059952d
0x0000700004342b90:   0000700004342c41 0000700004342c40
0x0000700004342ba0:   0000004100000000 000000420031d800
0x0000700004342bb0:   0000700004342bfe 0000700004343048
0x0000700004342bc0:   0000000000000042 0000700004342bfe
0x0000700004342bd0:   00007fd8dcfd9c30 00007fd8de31d9f8
0x0000700004342be0:   0000700004343030 0000000100598238
0x0000700004342bf0:   00007fd8dcfcda60 726f000100000000
0x0000700004342c00:   70636e65706f2f67 656973736f642f73
0x0000700004342c10:   7265732f74676d72 6d6f632f65636976
0x0000700004342c20:   2f726f7461726170 6d65744974636944
0x0000700004342c30:   74617261706d6f43 7373616c632e726f
0x0000700004342c40:   00000007ad81d200 00007fd8de31d800
0x0000700004342c50:   000000000000000c 00000007ad81d280
0x0000700004342c60:   0000000000000028 00000007c0000208
0x0000700004342c70:   0000700004342cc0 0000000100eb375c
0x0000700004342c80:   00000007ad81d268 0000000000000001
0x0000700004342c90:   00000007c00016d0 00007fd8de31d800
0x0000700004342ca0:   00007fd8dcfcda68 0000000000000000
0x0000700004342cb0:   0000000000000028 00000007c0000208
0x0000700004342cc0:   0000700004342d00 000000010137f6b8
0x0000700004342cd0:   0000000010000031 0000000000000028
0x0000700004342ce0:   0000700004342d00 0000000101031489
0x0000700004342cf0:   0000000000000000 00007fd8de31d800
0x0000700004342d00:   0000700004342d40 000000010133e011
0x0000700004342d10:   00007fd8de31d800 00007fd8de31d800 

Instructions: (pc=0x0000000100598e92)
0x0000000100598e72:   49 8b 7f 38 e8 5b 1b 00 00 4d 89 77 38 49 89 5f
0x0000000100598e82:   40 4c 89 f0 48 85 c0 0f 84 11 05 00 00 48 89 c3
0x0000000100598e92:   0f b6 43 0c 0f b6 4b 0d 48 c1 e1 08 48 01 c1 0f
0x0000000100598ea2:   b6 43 0e 0f b6 53 0f 48 c1 e2 08 48 01 c2 48 c1 

Register to memory mapping:

RAX=0x00007fd8dcfd9c30 is an unknown value
RBX=0x0000000108231682 is an unknown value
RCX=0x0000000000000001 is an unknown value
RDX=0x0000000000000000 is an unknown value
RSP=0x0000700004342b20 is pointing into the stack for thread: 0x00007fd8de31d800
RBP=0x0000700004342b80 is pointing into the stack for thread: 0x00007fd8de31d800
RSI=0x000000007fffffff is an unknown value
RDI=0x00000000000004d2 is an unknown value
R8 =0x000000008dce4d43 is an unknown value
R9 =0x0000000000000004 is an unknown value
R10=0x00000000fffffff8 is an unknown value
R11=0x00007fd8dce00000 is an unknown value
R12=0x00007fd8de2b9400 is an unknown value
R13=0x0000000000001dc0 is an unknown value
R14=0x00000000219e4f86 is an unknown value
R15=0x00007fd8df101420 is an unknown value


Stack: [0x0000700004246000,0x0000700004346000],  sp=0x0000700004342b20,  free space=1010k
Native frames: (J=compiled Java code, j=interpreted, Vv=VM code, C=native code)
C  [libzip.dylib+0x2e92]  newEntry+0x154
C  [libzip.dylib+0x352d]  ZIP_GetEntry2+0xd4
C  [libzip.dylib+0x2238]  Java_java_util_zip_ZipFile_getEntry+0xcf
J 206  java.util.zip.ZipFile.getEntry(J[BZ)J (0 bytes) @ 0x000000010a02fb8e [0x000000010a02fac0+0xce]
J 10341 C2 java.util.zip.ZipFile.getInputStream(Ljava/util/zip/ZipEntry;)Ljava/io/InputStream; (304 bytes) @ 0x000000010b7c17d8 [0x000000010b7c1460+0x378]
J 13676 C2 aQute.bnd.osgi.ZipResource.openInputStream()Ljava/io/InputStream; (12 bytes) @ 0x000000010b0012f4 [0x000000010b0012a0+0x54]
J 8477 C2 aQute.bnd.osgi.Clazz.parseClassFileWithCollector(LaQute/bnd/osgi/ClassDataCollector;)Ljava/util/Set; (32 bytes) @ 0x000000010b0d4d3c [0x000000010b0d4180+0xbbc]
J 13528 C2 aQute.bnd.metatype.OCDReader.getOCDDef(LaQute/bnd/osgi/Clazz;LaQute/bnd/osgi/Analyzer;Ljava/util/EnumSet;LaQute/bnd/xmlattribute/XMLAttributeFinder;)LaQute/bnd/metatype/OCDDef; (19 bytes) @ 0x000000010b374098 [0x000000010b373f40+0x158]
j  aQute.bnd.metatype.MetatypeAnnotations.analyzeJar(LaQute/bnd/osgi/Analyzer;)Z+283
j  aQute.bnd.osgi.Analyzer.doPlugins()V+44
j  aQute.bnd.osgi.Analyzer.analyze()V+275
j  aQute.bnd.osgi.Builder.analyze()V+1
j  aQute.bnd.osgi.Analyzer.calcManifest()Ljava/util/jar/Manifest;+1
j  aQute.bnd.osgi.Builder.build()LaQute/bnd/osgi/Jar;+111
j  aQute.bnd.osgi.Builder$build.call(Ljava/lang/Object;)Ljava/lang/Object;+12
j  org.dm.gradle.plugins.bundle.JarBuilder.build()Ljava/lang/Object;+282
j  org.dm.gradle.plugins.bundle.JarBuilder.writeJarTo(Ljava/io/File;)V+47
j  com.liferay.gradle.plugins.LiferayOSGiPlugin$LiferayJarBuilder.writeJarTo(Ljava/io/File;)V+11
v  ~StubRoutines::call_stub
V  [libjvm.dylib+0x2ef9aa]  JavaCalls::call_helper(JavaValue*, methodHandle*, JavaCallArguments*, Thread*)+0x6ae
V  [libjvm.dylib+0x4d5be0]  Reflection::invoke(instanceKlassHandle, methodHandle, Handle, bool, objArrayHandle, BasicType, objArrayHandle, bool, Thread*)+0xe12
V  [libjvm.dylib+0x4d6114]  Reflection::invoke_method(oopDesc*, Handle, objArrayHandle, Thread*)+0x16c
V  [libjvm.dylib+0x347e2c]  JVM_InvokeMethod+0x166
J 1592  sun.reflect.NativeMethodAccessorImpl.invoke0(Ljava/lang/reflect/Method;Ljava/lang/Object;[Ljava/lang/Object;)Ljava/lang/Object; (0 bytes) @ 0x000000010a4c76ad [0x000000010a4c75c0+0xed]
J 11634 C2 sun.reflect.NativeMethodAccessorImpl.invoke(Ljava/lang/Object;[Ljava/lang/Object;)Ljava/lang/Object; (104 bytes) @ 0x000000010bb3feb4 [0x000000010bb3fe40+0x74]
J 3681 C2 java.lang.reflect.Method.invoke(Ljava/lang/Object;[Ljava/lang/Object;)Ljava/lang/Object; (62 bytes) @ 0x000000010abb79b0 [0x000000010abb7920+0x90]
j  org.codehaus.groovy.runtime.callsite.PogoMetaMethodSite$PogoCachedMethodSiteNoUnwrapNoCoerce.invoke(Ljava/lang/Object;[Ljava/lang/Object;)Ljava/lang/Object;+6
j  org.codehaus.groovy.runtime.callsite.PogoMetaMethodSite.call(Ljava/lang/Object;[Ljava/lang/Object;)Ljava/lang/Object;+12
J 10831 C1 org.codehaus.groovy.runtime.callsite.AbstractCallSite.call(Ljava/lang/Object;Ljava/lang/Object;)Ljava/lang/Object; (37 bytes) @ 0x000000010b8ec7d4 [0x000000010b8ec3c0+0x414]
j  org.dm.gradle.plugins.bundle.BundleGenerator.execute(Lorg/gradle/api/tasks/bundling/Jar;)V+33
j  org.dm.gradle.plugins.bundle.BundleGenerator.execute(Ljava/lang/Object;)V+5
j  org.gradle.api.internal.AbstractTask$TaskActionWrapper.execute(Lorg/gradle/api/Task;)V+28
j  org.gradle.api.internal.AbstractTask$TaskActionWrapper.execute(Ljava/lang/Object;)V+5
j  org.gradle.api.internal.tasks.execution.ExecuteActionsTaskExecuter$1.run(Lorg/gradle/internal/operations/BuildOperationContext;)V+23
J 10453 C1 org.gradle.internal.operations.DefaultBuildOperationExecutor$RunnableBuildOperationWorker.execute(Lorg/gradle/internal/operations/BuildOperation;Lorg/gradle/internal/operations/BuildOperationContext;)V (10 bytes) @ 0x000000010a0d8c7c [0x000000010a0d8a20+0x25c]
J 10451 C1 org.gradle.internal.operations.DefaultBuildOperationExecutor.execute(Lorg/gradle/internal/operations/BuildOperation;Lorg/gradle/internal/operations/BuildOperationWorker;Lorg/gradle/internal/operations/DefaultBuildOperationExecutor$BuildOperationState;)V (340 bytes) @ 0x000000010af1bb54 [0x000000010af19a40+0x2114]
J 12940 C1 org.gradle.internal.operations.DefaultBuildOperationExecutor.run(Lorg/gradle/internal/operations/RunnableBuildOperation;)V (32 bytes) @ 0x000000010be67ebc [0x000000010be679e0+0x4dc]
J 12939 C1 org.gradle.internal.operations.DelegatingBuildOperationExecutor.run(Lorg/gradle/internal/operations/RunnableBuildOperation;)V (11 bytes) @ 0x000000010be6654c [0x000000010be66440+0x10c]
j  org.gradle.api.internal.tasks.execution.ExecuteActionsTaskExecuter.executeAction(Ljava/lang/String;Lorg/gradle/api/internal/TaskInternal;Lorg/gradle/api/internal/tasks/ContextAwareTaskAction;Lorg/gradle/api/internal/tasks/TaskExecutionContext;)V+23
j  org.gradle.api.internal.tasks.execution.ExecuteActionsTaskExecuter.executeActions(Lorg/gradle/api/internal/TaskInternal;Lorg/gradle/api/internal/tasks/TaskStateInternal;Lorg/gradle/api/internal/tasks/TaskExecutionContext;)Lorg/gradle/api/GradleException;+86
j  org.gradle.api.internal.tasks.execution.ExecuteActionsTaskExecuter.execute(Lorg/gradle/api/internal/TaskInternal;Lorg/gradle/api/internal/tasks/TaskStateInternal;Lorg/gradle/api/internal/tasks/TaskExecutionContext;)V+37
j  org.gradle.api.internal.tasks.execution.OutputDirectoryCreatingTaskExecuter.execute(Lorg/gradle/api/internal/TaskInternal;Lorg/gradle/api/internal/tasks/TaskStateInternal;Lorg/gradle/api/internal/tasks/TaskExecutionContext;)V+105
j  org.gradle.api.internal.tasks.execution.SkipUpToDateTaskExecuter.execute(Lorg/gradle/api/internal/TaskInternal;Lorg/gradle/api/internal/tasks/TaskStateInternal;Lorg/gradle/api/internal/tasks/TaskExecutionContext;)V+103
j  org.gradle.api.internal.tasks.execution.ResolveTaskOutputCachingStateExecuter.execute(Lorg/gradle/api/internal/TaskInternal;Lorg/gradle/api/internal/tasks/TaskStateInternal;Lorg/gradle/api/internal/tasks/TaskExecutionContext;)V+102
j  org.gradle.api.internal.tasks.execution.ValidatingTaskExecuter.execute(Lorg/gradle/api/internal/TaskInternal;Lorg/gradle/api/internal/tasks/TaskStateInternal;Lorg/gradle/api/internal/tasks/TaskExecutionContext;)V+119
j  org.gradle.api.internal.tasks.execution.SkipEmptySourceFilesTaskExecuter.execute(Lorg/gradle/api/internal/TaskInternal;Lorg/gradle/api/internal/tasks/TaskStateInternal;Lorg/gradle/api/internal/tasks/TaskExecutionContext;)V+353
j  org.gradle.api.internal.tasks.execution.FinalizeInputFilePropertiesTaskExecuter.execute(Lorg/gradle/api/internal/TaskInternal;Lorg/gradle/api/internal/tasks/TaskStateInternal;Lorg/gradle/api/internal/tasks/TaskExecutionContext;)V+59
j  org.gradle.api.internal.tasks.execution.CleanupStaleOutputsExecuter.execute(Lorg/gradle/api/internal/TaskInternal;Lorg/gradle/api/internal/tasks/TaskStateInternal;Lorg/gradle/api/internal/tasks/TaskExecutionContext;)V+188
j  org.gradle.api.internal.tasks.execution.ResolveTaskArtifactStateTaskExecuter.execute(Lorg/gradle/api/internal/TaskInternal;Lorg/gradle/api/internal/tasks/TaskStateInternal;Lorg/gradle/api/internal/tasks/TaskExecutionContext;)V+96
j  org.gradle.api.internal.tasks.execution.SkipTaskWithNoActionsExecuter.execute(Lorg/gradle/api/internal/TaskInternal;Lorg/gradle/api/internal/tasks/TaskStateInternal;Lorg/gradle/api/internal/tasks/TaskExecutionContext;)V+130
j  org.gradle.api.internal.tasks.execution.SkipOnlyIfTaskExecuter.execute(Lorg/gradle/api/internal/TaskInternal;Lorg/gradle/api/internal/tasks/TaskStateInternal;Lorg/gradle/api/internal/tasks/TaskExecutionContext;)V+85
j  org.gradle.api.internal.tasks.execution.ExecuteAtMostOnceTaskExecuter.execute(Lorg/gradle/api/internal/TaskInternal;Lorg/gradle/api/internal/tasks/TaskStateInternal;Lorg/gradle/api/internal/tasks/TaskExecutionContext;)V+26
j  org.gradle.api.internal.tasks.execution.CatchExceptionTaskExecuter.execute(Lorg/gradle/api/internal/TaskInternal;Lorg/gradle/api/internal/tasks/TaskStateInternal;Lorg/gradle/api/internal/tasks/TaskExecutionContext;)V+7
J 14559 C1 org.gradle.api.internal.tasks.execution.EventFiringTaskExecuter$1.run(Lorg/gradle/internal/operations/BuildOperationContext;)V (133 bytes) @ 0x000000010c0761ac [0x000000010c075de0+0x3cc]
J 10453 C1 org.gradle.internal.operations.DefaultBuildOperationExecutor$RunnableBuildOperationWorker.execute(Lorg/gradle/internal/operations/BuildOperation;Lorg/gradle/internal/operations/BuildOperationContext;)V (10 bytes) @ 0x000000010a0d8c7c [0x000000010a0d8a20+0x25c]
J 10451 C1 org.gradle.internal.operations.DefaultBuildOperationExecutor.execute(Lorg/gradle/internal/operations/BuildOperation;Lorg/gradle/internal/operations/BuildOperationWorker;Lorg/gradle/internal/operations/DefaultBuildOperationExecutor$BuildOperationState;)V (340 bytes) @ 0x000000010af1bb54 [0x000000010af19a40+0x2114]
J 12940 C1 org.gradle.internal.operations.DefaultBuildOperationExecutor.run(Lorg/gradle/internal/operations/RunnableBuildOperation;)V (32 bytes) @ 0x000000010be67ebc [0x000000010be679e0+0x4dc]
J 12939 C1 org.gradle.internal.operations.DelegatingBuildOperationExecutor.run(Lorg/gradle/internal/operations/RunnableBuildOperation;)V (11 bytes) @ 0x000000010be6654c [0x000000010be66440+0x10c]
J 14558 C1 org.gradle.api.internal.tasks.execution.EventFiringTaskExecuter.execute(Lorg/gradle/api/internal/TaskInternal;Lorg/gradle/api/internal/tasks/TaskStateInternal;Lorg/gradle/api/internal/tasks/TaskExecutionContext;)V (21 bytes) @ 0x000000010c2187b4 [0x000000010c218560+0x254]
j  org.gradle.execution.taskgraph.DefaultTaskExecutionGraph$ExecuteTaskAction.execute(Lorg/gradle/api/internal/TaskInternal;)V+41
j  org.gradle.execution.taskgraph.DefaultTaskExecutionGraph$ExecuteTaskAction.execute(Ljava/lang/Object;)V+5
j  org.gradle.execution.taskgraph.DefaultTaskPlanExecutor$TaskExecutorWorker$1.execute(Lorg/gradle/api/internal/TaskInternal;)V+38
j  org.gradle.execution.taskgraph.DefaultTaskPlanExecutor$TaskExecutorWorker$1.execute(Ljava/lang/Object;)V+5
j  org.gradle.execution.taskgraph.DefaultTaskPlanExecutor$TaskExecutorWorker.execute(Lorg/gradle/execution/taskgraph/TaskInfo;Lorg/gradle/internal/work/WorkerLeaseRegistry$WorkerLease;Lorg/gradle/api/Action;)V+12
j  org.gradle.execution.taskgraph.DefaultTaskPlanExecutor$TaskExecutorWorker.executeWithTask(Lorg/gradle/internal/work/WorkerLeaseRegistry$WorkerLease;Lorg/gradle/api/Action;)Z+58
j  org.gradle.execution.taskgraph.DefaultTaskPlanExecutor$TaskExecutorWorker.run()V+49
J 8952 C1 org.gradle.internal.concurrent.ManagedExecutorImpl$1.run()V (57 bytes) @ 0x000000010ae4a224 [0x000000010ae49d00+0x524]
j  java.util.concurrent.ThreadPoolExecutor.runWorker(Ljava/util/concurrent/ThreadPoolExecutor$Worker;)V+95
j  java.util.concurrent.ThreadPoolExecutor$Worker.run()V+5
j  org.gradle.internal.concurrent.ThreadFactoryImpl$ManagedThreadRunnable.run()V+7
j  java.lang.Thread.run()V+11
v  ~StubRoutines::call_stub
V  [libjvm.dylib+0x2ef9aa]  JavaCalls::call_helper(JavaValue*, methodHandle*, JavaCallArguments*, Thread*)+0x6ae
V  [libjvm.dylib+0x2f014e]  JavaCalls::call_virtual(JavaValue*, KlassHandle, Symbol*, Symbol*, JavaCallArguments*, Thread*)+0x164
V  [libjvm.dylib+0x2f02fa]  JavaCalls::call_virtual(JavaValue*, Handle, KlassHandle, Symbol*, Symbol*, Thread*)+0x4a
V  [libjvm.dylib+0x34aae5]  thread_entry(JavaThread*, Thread*)+0x7c
V  [libjvm.dylib+0x56edef]  JavaThread::thread_main_inner()+0x9b
V  [libjvm.dylib+0x5704ea]  JavaThread::run()+0x1c2
V  [libjvm.dylib+0x48d83a]  java_start(Thread*)+0xf6
C  [libsystem_pthread.dylib+0x3661]  _pthread_body+0x154
C  [libsystem_pthread.dylib+0x350d]  _pthread_body+0x0
C  [libsystem_pthread.dylib+0x2bf9]  thread_start+0xd
C  0x0000000000000000

Java frames: (J=compiled Java code, j=interpreted, Vv=VM code)
J 206  java.util.zip.ZipFile.getEntry(J[BZ)J (0 bytes) @ 0x000000010a02fb18 [0x000000010a02fac0+0x58]
J 10341 C2 java.util.zip.ZipFile.getInputStream(Ljava/util/zip/ZipEntry;)Ljava/io/InputStream; (304 bytes) @ 0x000000010b7c17d8 [0x000000010b7c1460+0x378]
J 13676 C2 aQute.bnd.osgi.ZipResource.openInputStream()Ljava/io/InputStream; (12 bytes) @ 0x000000010b0012f4 [0x000000010b0012a0+0x54]
J 8477 C2 aQute.bnd.osgi.Clazz.parseClassFileWithCollector(LaQute/bnd/osgi/ClassDataCollector;)Ljava/util/Set; (32 bytes) @ 0x000000010b0d4d3c [0x000000010b0d4180+0xbbc]
J 13528 C2 aQute.bnd.metatype.OCDReader.getOCDDef(LaQute/bnd/osgi/Clazz;LaQute/bnd/osgi/Analyzer;Ljava/util/EnumSet;LaQute/bnd/xmlattribute/XMLAttributeFinder;)LaQute/bnd/metatype/OCDDef; (19 bytes) @ 0x000000010b374098 [0x000000010b373f40+0x158]
j  aQute.bnd.metatype.MetatypeAnnotations.analyzeJar(LaQute/bnd/osgi/Analyzer;)Z+283
j  aQute.bnd.osgi.Analyzer.doPlugins()V+44
j  aQute.bnd.osgi.Analyzer.analyze()V+275
j  aQute.bnd.osgi.Builder.analyze()V+1
j  aQute.bnd.osgi.Analyzer.calcManifest()Ljava/util/jar/Manifest;+1
j  aQute.bnd.osgi.Builder.build()LaQute/bnd/osgi/Jar;+111
j  aQute.bnd.osgi.Builder$build.call(Ljava/lang/Object;)Ljava/lang/Object;+12
j  org.dm.gradle.plugins.bundle.JarBuilder.build()Ljava/lang/Object;+282
j  org.dm.gradle.plugins.bundle.JarBuilder.writeJarTo(Ljava/io/File;)V+47
j  com.liferay.gradle.plugins.LiferayOSGiPlugin$LiferayJarBuilder.writeJarTo(Ljava/io/File;)V+11
v  ~StubRoutines::call_stub
J 1592  sun.reflect.NativeMethodAccessorImpl.invoke0(Ljava/lang/reflect/Method;Ljava/lang/Object;[Ljava/lang/Object;)Ljava/lang/Object; (0 bytes) @ 0x000000010a4c7637 [0x000000010a4c75c0+0x77]
J 11634 C2 sun.reflect.NativeMethodAccessorImpl.invoke(Ljava/lang/Object;[Ljava/lang/Object;)Ljava/lang/Object; (104 bytes) @ 0x000000010bb3feb4 [0x000000010bb3fe40+0x74]
J 3681 C2 java.lang.reflect.Method.invoke(Ljava/lang/Object;[Ljava/lang/Object;)Ljava/lang/Object; (62 bytes) @ 0x000000010abb79b0 [0x000000010abb7920+0x90]
j  org.codehaus.groovy.runtime.callsite.PogoMetaMethodSite$PogoCachedMethodSiteNoUnwrapNoCoerce.invoke(Ljava/lang/Object;[Ljava/lang/Object;)Ljava/lang/Object;+6
j  org.codehaus.groovy.runtime.callsite.PogoMetaMethodSite.call(Ljava/lang/Object;[Ljava/lang/Object;)Ljava/lang/Object;+12
J 10831 C1 org.codehaus.groovy.runtime.callsite.AbstractCallSite.call(Ljava/lang/Object;Ljava/lang/Object;)Ljava/lang/Object; (37 bytes) @ 0x000000010b8ec7d4 [0x000000010b8ec3c0+0x414]
j  org.dm.gradle.plugins.bundle.BundleGenerator.execute(Lorg/gradle/api/tasks/bundling/Jar;)V+33
j  org.dm.gradle.plugins.bundle.BundleGenerator.execute(Ljava/lang/Object;)V+5
j  org.gradle.api.internal.AbstractTask$TaskActionWrapper.execute(Lorg/gradle/api/Task;)V+28
j  org.gradle.api.internal.AbstractTask$TaskActionWrapper.execute(Ljava/lang/Object;)V+5
j  org.gradle.api.internal.tasks.execution.ExecuteActionsTaskExecuter$1.run(Lorg/gradle/internal/operations/BuildOperationContext;)V+23
J 10453 C1 org.gradle.internal.operations.DefaultBuildOperationExecutor$RunnableBuildOperationWorker.execute(Lorg/gradle/internal/operations/BuildOperation;Lorg/gradle/internal/operations/BuildOperationContext;)V (10 bytes) @ 0x000000010a0d8c7c [0x000000010a0d8a20+0x25c]
J 10451 C1 org.gradle.internal.operations.DefaultBuildOperationExecutor.execute(Lorg/gradle/internal/operations/BuildOperation;Lorg/gradle/internal/operations/BuildOperationWorker;Lorg/gradle/internal/operations/DefaultBuildOperationExecutor$BuildOperationState;)V (340 bytes) @ 0x000000010af1bb54 [0x000000010af19a40+0x2114]
J 12940 C1 org.gradle.internal.operations.DefaultBuildOperationExecutor.run(Lorg/gradle/internal/operations/RunnableBuildOperation;)V (32 bytes) @ 0x000000010be67ebc [0x000000010be679e0+0x4dc]
J 12939 C1 org.gradle.internal.operations.DelegatingBuildOperationExecutor.run(Lorg/gradle/internal/operations/RunnableBuildOperation;)V (11 bytes) @ 0x000000010be6654c [0x000000010be66440+0x10c]
j  org.gradle.api.internal.tasks.execution.ExecuteActionsTaskExecuter.executeAction(Ljava/lang/String;Lorg/gradle/api/internal/TaskInternal;Lorg/gradle/api/internal/tasks/ContextAwareTaskAction;Lorg/gradle/api/internal/tasks/TaskExecutionContext;)V+23
j  org.gradle.api.internal.tasks.execution.ExecuteActionsTaskExecuter.executeActions(Lorg/gradle/api/internal/TaskInternal;Lorg/gradle/api/internal/tasks/TaskStateInternal;Lorg/gradle/api/internal/tasks/TaskExecutionContext;)Lorg/gradle/api/GradleException;+86
j  org.gradle.api.internal.tasks.execution.ExecuteActionsTaskExecuter.execute(Lorg/gradle/api/internal/TaskInternal;Lorg/gradle/api/internal/tasks/TaskStateInternal;Lorg/gradle/api/internal/tasks/TaskExecutionContext;)V+37
j  org.gradle.api.internal.tasks.execution.OutputDirectoryCreatingTaskExecuter.execute(Lorg/gradle/api/internal/TaskInternal;Lorg/gradle/api/internal/tasks/TaskStateInternal;Lorg/gradle/api/internal/tasks/TaskExecutionContext;)V+105
j  org.gradle.api.internal.tasks.execution.SkipUpToDateTaskExecuter.execute(Lorg/gradle/api/internal/TaskInternal;Lorg/gradle/api/internal/tasks/TaskStateInternal;Lorg/gradle/api/internal/tasks/TaskExecutionContext;)V+103
j  org.gradle.api.internal.tasks.execution.ResolveTaskOutputCachingStateExecuter.execute(Lorg/gradle/api/internal/TaskInternal;Lorg/gradle/api/internal/tasks/TaskStateInternal;Lorg/gradle/api/internal/tasks/TaskExecutionContext;)V+102
j  org.gradle.api.internal.tasks.execution.ValidatingTaskExecuter.execute(Lorg/gradle/api/internal/TaskInternal;Lorg/gradle/api/internal/tasks/TaskStateInternal;Lorg/gradle/api/internal/tasks/TaskExecutionContext;)V+119
j  org.gradle.api.internal.tasks.execution.SkipEmptySourceFilesTaskExecuter.execute(Lorg/gradle/api/internal/TaskInternal;Lorg/gradle/api/internal/tasks/TaskStateInternal;Lorg/gradle/api/internal/tasks/TaskExecutionContext;)V+353
j  org.gradle.api.internal.tasks.execution.FinalizeInputFilePropertiesTaskExecuter.execute(Lorg/gradle/api/internal/TaskInternal;Lorg/gradle/api/internal/tasks/TaskStateInternal;Lorg/gradle/api/internal/tasks/TaskExecutionContext;)V+59
j  org.gradle.api.internal.tasks.execution.CleanupStaleOutputsExecuter.execute(Lorg/gradle/api/internal/TaskInternal;Lorg/gradle/api/internal/tasks/TaskStateInternal;Lorg/gradle/api/internal/tasks/TaskExecutionContext;)V+188
j  org.gradle.api.internal.tasks.execution.ResolveTaskArtifactStateTaskExecuter.execute(Lorg/gradle/api/internal/TaskInternal;Lorg/gradle/api/internal/tasks/TaskStateInternal;Lorg/gradle/api/internal/tasks/TaskExecutionContext;)V+96
j  org.gradle.api.internal.tasks.execution.SkipTaskWithNoActionsExecuter.execute(Lorg/gradle/api/internal/TaskInternal;Lorg/gradle/api/internal/tasks/TaskStateInternal;Lorg/gradle/api/internal/tasks/TaskExecutionContext;)V+130
j  org.gradle.api.internal.tasks.execution.SkipOnlyIfTaskExecuter.execute(Lorg/gradle/api/internal/TaskInternal;Lorg/gradle/api/internal/tasks/TaskStateInternal;Lorg/gradle/api/internal/tasks/TaskExecutionContext;)V+85
j  org.gradle.api.internal.tasks.execution.ExecuteAtMostOnceTaskExecuter.execute(Lorg/gradle/api/internal/TaskInternal;Lorg/gradle/api/internal/tasks/TaskStateInternal;Lorg/gradle/api/internal/tasks/TaskExecutionContext;)V+26
j  org.gradle.api.internal.tasks.execution.CatchExceptionTaskExecuter.execute(Lorg/gradle/api/internal/TaskInternal;Lorg/gradle/api/internal/tasks/TaskStateInternal;Lorg/gradle/api/internal/tasks/TaskExecutionContext;)V+7
J 14559 C1 org.gradle.api.internal.tasks.execution.EventFiringTaskExecuter$1.run(Lorg/gradle/internal/operations/BuildOperationContext;)V (133 bytes) @ 0x000000010c0761ac [0x000000010c075de0+0x3cc]
J 10453 C1 org.gradle.internal.operations.DefaultBuildOperationExecutor$RunnableBuildOperationWorker.execute(Lorg/gradle/internal/operations/BuildOperation;Lorg/gradle/internal/operations/BuildOperationContext;)V (10 bytes) @ 0x000000010a0d8c7c [0x000000010a0d8a20+0x25c]
J 10451 C1 org.gradle.internal.operations.DefaultBuildOperationExecutor.execute(Lorg/gradle/internal/operations/BuildOperation;Lorg/gradle/internal/operations/BuildOperationWorker;Lorg/gradle/internal/operations/DefaultBuildOperationExecutor$BuildOperationState;)V (340 bytes) @ 0x000000010af1bb54 [0x000000010af19a40+0x2114]
J 12940 C1 org.gradle.internal.operations.DefaultBuildOperationExecutor.run(Lorg/gradle/internal/operations/RunnableBuildOperation;)V (32 bytes) @ 0x000000010be67ebc [0x000000010be679e0+0x4dc]
J 12939 C1 org.gradle.internal.operations.DelegatingBuildOperationExecutor.run(Lorg/gradle/internal/operations/RunnableBuildOperation;)V (11 bytes) @ 0x000000010be6654c [0x000000010be66440+0x10c]
J 14558 C1 org.gradle.api.internal.tasks.execution.EventFiringTaskExecuter.execute(Lorg/gradle/api/internal/TaskInternal;Lorg/gradle/api/internal/tasks/TaskStateInternal;Lorg/gradle/api/internal/tasks/TaskExecutionContext;)V (21 bytes) @ 0x000000010c2187b4 [0x000000010c218560+0x254]
j  org.gradle.execution.taskgraph.DefaultTaskExecutionGraph$ExecuteTaskAction.execute(Lorg/gradle/api/internal/TaskInternal;)V+41
j  org.gradle.execution.taskgraph.DefaultTaskExecutionGraph$ExecuteTaskAction.execute(Ljava/lang/Object;)V+5
j  org.gradle.execution.taskgraph.DefaultTaskPlanExecutor$TaskExecutorWorker$1.execute(Lorg/gradle/api/internal/TaskInternal;)V+38
j  org.gradle.execution.taskgraph.DefaultTaskPlanExecutor$TaskExecutorWorker$1.execute(Ljava/lang/Object;)V+5
j  org.gradle.execution.taskgraph.DefaultTaskPlanExecutor$TaskExecutorWorker.execute(Lorg/gradle/execution/taskgraph/TaskInfo;Lorg/gradle/internal/work/WorkerLeaseRegistry$WorkerLease;Lorg/gradle/api/Action;)V+12
j  org.gradle.execution.taskgraph.DefaultTaskPlanExecutor$TaskExecutorWorker.executeWithTask(Lorg/gradle/internal/work/WorkerLeaseRegistry$WorkerLease;Lorg/gradle/api/Action;)Z+58
j  org.gradle.execution.taskgraph.DefaultTaskPlanExecutor$TaskExecutorWorker.run()V+49
J 8952 C1 org.gradle.internal.concurrent.ManagedExecutorImpl$1.run()V (57 bytes) @ 0x000000010ae4a224 [0x000000010ae49d00+0x524]
j  java.util.concurrent.ThreadPoolExecutor.runWorker(Ljava/util/concurrent/ThreadPoolExecutor$Worker;)V+95
j  java.util.concurrent.ThreadPoolExecutor$Worker.run()V+5
j  org.gradle.internal.concurrent.ThreadFactoryImpl$ManagedThreadRunnable.run()V+7
j  java.lang.Thread.run()V+11
v  ~StubRoutines::call_stub

---------------  P R O C E S S  ---------------

Java Threads: ( => current thread )
  0x00007fd8de0d4000 JavaThread "/0:0:0:0:0:0:0:1:52407 to /0:0:0:0:0:0:0:1:52412 workers Thread 5" [_thread_in_native, id=38407, stack(0x0000700004e6a000,0x0000700004f6a000)]
  0x00007fd8dde10000 JavaThread "/0:0:0:0:0:0:0:1:52407 to /0:0:0:0:0:0:0:1:52412 workers Thread 4" [_thread_blocked, id=25359, stack(0x0000700004d67000,0x0000700004e67000)]
  0x00007fd8de0d3000 JavaThread "/0:0:0:0:0:0:0:1:52407 to /0:0:0:0:0:0:0:1:52412 workers Thread 3" [_thread_blocked, id=38671, stack(0x0000700004c64000,0x0000700004d64000)]
  0x00007fd8de0d2800 JavaThread "/0:0:0:0:0:0:0:1:52407 to /0:0:0:0:0:0:0:1:52412 workers Thread 2" [_thread_blocked, id=37143, stack(0x0000700004b61000,0x0000700004c61000)]
  0x00007fd8de31b800 JavaThread "/0:0:0:0:0:0:0:1:52407 to /0:0:0:0:0:0:0:1:52412 workers" [_thread_blocked, id=24087, stack(0x0000700004755000,0x0000700004855000)]
  0x00007fd8dddfc800 JavaThread "Exec process Thread 16" [_thread_in_native, id=37399, stack(0x0000700004a5e000,0x0000700004b5e000)]
  0x00007fd8dde20800 JavaThread "Exec process Thread 15" [_thread_in_native, id=27159, stack(0x000070000495b000,0x0000700004a5b000)]
  0x00007fd8de45c000 JavaThread "process reaper" daemon [_thread_in_native, id=40723, stack(0x0000700001cd4000,0x0000700001cfc000)]
  0x00007fd8d9a34000 JavaThread "Exec process Thread 13" [_thread_blocked, id=42771, stack(0x0000700004652000,0x0000700004752000)]
  0x00007fd8d9f5e800 JavaThread "File lock release action executor Thread 2" [_thread_blocked, id=27663, stack(0x000070000444c000,0x000070000454c000)]
  0x00007fd8d9e71000 JavaThread "Task worker for ':' Thread 3" [_thread_blocked, id=27919, stack(0x0000700004349000,0x0000700004449000)]
=>0x00007fd8de31d800 JavaThread "Task worker for ':' Thread 2" [_thread_in_native, id=21779, stack(0x0000700004246000,0x0000700004346000)]
  0x00007fd8de1ae000 JavaThread "Task worker for ':'" [_thread_blocked, id=22547, stack(0x0000700004143000,0x0000700004243000)]
  0x00007fd8dddfa800 JavaThread "Cache worker for Build Output Cleanup Cache (/Users/dangkhanhtrung/OpenCPS21/opencps-v2/.gradle/buildOutputCleanup)" [_thread_blocked, id=25879, stack(0x0000700004040000,0x0000700004140000)]
  0x00007fd8de1ad800 JavaThread "Cache worker for task history cache (/Users/dangkhanhtrung/OpenCPS21/opencps-v2/.gradle/4.8/taskHistory)" [_thread_blocked, id=28435, stack(0x0000700003f3d000,0x000070000403d000)]
  0x00007fd8d8f24800 JavaThread "Cache worker for file content cache (/Users/dangkhanhtrung/OpenCPS21/opencps-v2/.gradle/4.8/fileContent)" [_thread_blocked, id=39703, stack(0x0000700003d37000,0x0000700003e37000)]
  0x00007fd8dd875800 JavaThread "Build operations Thread 4" [_thread_blocked, id=27411, stack(0x0000700003c34000,0x0000700003d34000)]
  0x00007fd8dd875000 JavaThread "Build operations Thread 3" [_thread_blocked, id=36115, stack(0x0000700003b31000,0x0000700003c31000)]
  0x00007fd8d8ebb000 JavaThread "Build operations Thread 2" [_thread_blocked, id=36627, stack(0x0000700003a2e000,0x0000700003b2e000)]
  0x00007fd8de6f0000 JavaThread "Build operations" [_thread_blocked, id=26387, stack(0x000070000392b000,0x0000700003a2b000)]
  0x00007fd8d8c9c800 JavaThread "Cache worker for Artifact transforms cache (/Users/dangkhanhtrung/.gradle/caches/transforms-1)" [_thread_blocked, id=43283, stack(0x0000700003828000,0x0000700003928000)]
  0x00007fd8d9a4f000 JavaThread "Cache worker for file hash cache (/Users/dangkhanhtrung/OpenCPS21/opencps-v2/.gradle/4.8/fileHashes)" [_thread_blocked, id=40467, stack(0x0000700003725000,0x0000700003825000)]
  0x00007fd8de10a800 JavaThread "Stdin handler" [_thread_blocked, id=28175, stack(0x000070000341c000,0x000070000351c000)]
  0x00007fd8d92aa800 JavaThread "Asynchronous log dispatcher for DefaultDaemonConnection: socket connection from /0:0:0:0:0:0:0:1:65150 to /0:0:0:0:0:0:0:1:52333" [_thread_blocked, id=41231, stack(0x0000700003319000,0x0000700003419000)]
  0x00007fd8d8ea3800 JavaThread "Daemon worker Thread 3" [_thread_blocked, id=35603, stack(0x0000700003216000,0x0000700003316000)]
  0x00007fd8de9ab000 JavaThread "Cancel handler" [_thread_blocked, id=40979, stack(0x0000700003113000,0x0000700003213000)]
  0x00007fd8d8d32000 JavaThread "Handler for socket connection from /0:0:0:0:0:0:0:1:65150 to /0:0:0:0:0:0:0:1:52333" [_thread_in_native, id=37643, stack(0x0000700003010000,0x0000700003110000)]
  0x00007fd8d8e9c000 JavaThread "Daemon Thread 3" [_thread_blocked, id=15627, stack(0x0000700002f0d000,0x000070000300d000)]
  0x00007fd8d9a9d000 JavaThread "Memory manager" [_thread_blocked, id=3079, stack(0x0000700003e3a000,0x0000700003f3a000)]
  0x00007fd8da3d4000 JavaThread "File lock request listener" [_thread_in_native, id=22787, stack(0x0000700003622000,0x0000700003722000)]
  0x00007fd8d95f3800 JavaThread "Cache worker for file hash cache (/Users/dangkhanhtrung/.gradle/caches/4.8/fileHashes)" [_thread_blocked, id=42243, stack(0x000070000351f000,0x000070000361f000)]
  0x00007fd8d95d7800 JavaThread "Daemon periodic checks" [_thread_blocked, id=16899, stack(0x0000700002e0a000,0x0000700002f0a000)]
  0x00007fd8d8c82000 JavaThread "Incoming local TCP Connector on port 65150" [_thread_in_native, id=15363, stack(0x0000700002d07000,0x0000700002e07000)]
  0x00007fd8da221800 JavaThread "Daemon health stats" [_thread_blocked, id=17411, stack(0x0000700002c04000,0x0000700002d04000)]
  0x00007fd8d983f800 JavaThread "Service Thread" daemon [_thread_blocked, id=18179, stack(0x00007000029fe000,0x0000700002afe000)]
  0x00007fd8da007000 JavaThread "C1 CompilerThread2" daemon [_thread_blocked, id=18691, stack(0x00007000028fb000,0x00007000029fb000)]
  0x00007fd8d9837000 JavaThread "C2 CompilerThread1" daemon [_thread_blocked, id=14339, stack(0x00007000027f8000,0x00007000028f8000)]
  0x00007fd8d9803800 JavaThread "C2 CompilerThread0" daemon [_thread_blocked, id=13827, stack(0x00007000026f5000,0x00007000027f5000)]
  0x00007fd8d9829000 JavaThread "Signal Dispatcher" daemon [_thread_blocked, id=13575, stack(0x00007000025f2000,0x00007000026f2000)]
  0x00007fd8da005000 JavaThread "Finalizer" daemon [_thread_blocked, id=20739, stack(0x00007000024ef000,0x00007000025ef000)]
  0x00007fd8d9809000 JavaThread "Reference Handler" daemon [_thread_blocked, id=21251, stack(0x00007000023ec000,0x00007000024ec000)]
  0x00007fd8d8802000 JavaThread "main" [_thread_blocked, id=6147, stack(0x0000700001dda000,0x0000700001eda000)]

Other Threads:
  0x00007fd8d8822800 VMThread [stack: 0x00007000022e9000,0x00007000023e9000] [id=11523]
  0x00007fd8d9842800 WatcherThread [stack: 0x0000700002b01000,0x0000700002c01000] [id=17923]

VM state:not at safepoint (normal execution)

VM Mutex/Monitor currently owned by a thread: None

Heap:
 PSYoungGen      total 278016K, used 87542K [0x00000007aab00000, 0x00000007c0000000, 0x00000007c0000000)
  eden space 209920K, 22% used [0x00000007aab00000,0x00000007ad83a170,0x00000007b7800000)
  from space 68096K, 60% used [0x00000007bb980000,0x00000007be1c37f8,0x00000007bfc00000)
  to   space 67072K, 0% used [0x00000007b7800000,0x00000007b7800000,0x00000007bb980000)
 ParOldGen       total 196096K, used 82046K [0x0000000780000000, 0x000000078bf80000, 0x00000007aab00000)
  object space 196096K, 41% used [0x0000000780000000,0x000000078501f9e8,0x000000078bf80000)
 Metaspace       used 54720K, capacity 58470K, committed 58800K, reserved 1099776K
  class space    used 7557K, capacity 8526K, committed 8624K, reserved 1048576K

Card table byte_map: [0x000000010216e000,0x000000010236f000] byte_map_base: 0x00000000fe56e000

Marking Bits: (ParMarkBitMap*) 0x00000001016f76c0
 Begin Bits: [0x00000001024c5000, 0x00000001034c5000)
 End Bits:   [0x00000001034c5000, 0x00000001044c5000)

Polling page: 0x000000010054c000

CodeCache: size=245760Kb used=37176Kb max_used=37199Kb free=208583Kb
 bounds [0x0000000109eca000, 0x000000010c36a000, 0x0000000118eca000]
 total_blobs=12049 nmethods=11307 adapters=654
 compilation: enabled

Compilation events (10 events):
Event: 1158.777 Thread 0x00007fd8da007000 15084       3       aQute.lib.tag.Tag::<init> (13 bytes)
Event: 1158.777 Thread 0x00007fd8da007000 nmethod 15084 0x000000010c129a50 code [0x000000010c129be0, 0x000000010c129ef8]
Event: 1159.586 Thread 0x00007fd8da007000 15085       3       com.sun.jmx.mbeanserver.JmxMBeanServer::cloneObjectName (11 bytes)
Event: 1159.586 Thread 0x00007fd8da007000 nmethod 15085 0x000000010c30fd90 code [0x000000010c30ff60, 0x000000010c310518]
Event: 1159.589 Thread 0x00007fd8da007000 15086       3       javax.management.ObjectName::getInstance (22 bytes)
Event: 1159.590 Thread 0x00007fd8da007000 nmethod 15086 0x000000010a6bb550 code [0x000000010a6bb720, 0x000000010a6bbcd8]
Event: 1160.056 Thread 0x00007fd8d9837000 15087       4       aQute.bnd.component.AnnotationReader::getDef (343 bytes)
Event: 1160.065 Thread 0x00007fd8d9837000 nmethod 15087 0x000000010c312ad0 code [0x000000010c312cc0, 0x000000010c3132b0]
Event: 1161.013 Thread 0x00007fd8da007000 15088       3       org.gradle.util.CollectionUtils::filter (18 bytes)
Event: 1161.014 Thread 0x00007fd8da007000 nmethod 15088 0x000000010a6bacd0 code [0x000000010a6bae80, 0x000000010a6bb2d8]

GC Heap History (10 events):
Event: 1144.325 GC heap before
{Heap before GC invocations=59 (full 3):
 PSYoungGen      total 285696K, used 260082K [0x00000007aab00000, 0x00000007c0000000, 0x00000007c0000000)
  eden space 222208K, 100% used [0x00000007aab00000,0x00000007b8400000,0x00000007b8400000)
  from space 63488K, 59% used [0x00000007b8400000,0x00000007ba8fcb08,0x00000007bc200000)
  to   space 63488K, 0% used [0x00000007bc200000,0x00000007bc200000,0x00000007c0000000)
 ParOldGen       total 196096K, used 80750K [0x0000000780000000, 0x000000078bf80000, 0x00000007aab00000)
  object space 196096K, 41% used [0x0000000780000000,0x0000000784edb9a8,0x000000078bf80000)
 Metaspace       used 54674K, capacity 58470K, committed 58800K, reserved 1099776K
  class space    used 7557K, capacity 8526K, committed 8624K, reserved 1048576K
Event: 1144.377 GC heap after
Heap after GC invocations=59 (full 3):
 PSYoungGen      total 274432K, used 54363K [0x00000007aab00000, 0x00000007c0000000, 0x00000007c0000000)
  eden space 210944K, 0% used [0x00000007aab00000,0x00000007aab00000,0x00000007b7900000)
  from space 63488K, 85% used [0x00000007bc200000,0x00000007bf716fb8,0x00000007c0000000)
  to   space 69120K, 0% used [0x00000007b7900000,0x00000007b7900000,0x00000007bbc80000)
 ParOldGen       total 196096K, used 80822K [0x0000000780000000, 0x000000078bf80000, 0x00000007aab00000)
  object space 196096K, 41% used [0x0000000780000000,0x0000000784eed9a8,0x000000078bf80000)
 Metaspace       used 54674K, capacity 58470K, committed 58800K, reserved 1099776K
  class space    used 7557K, capacity 8526K, committed 8624K, reserved 1048576K
}
Event: 1149.466 GC heap before
{Heap before GC invocations=60 (full 3):
 PSYoungGen      total 274432K, used 265307K [0x00000007aab00000, 0x00000007c0000000, 0x00000007c0000000)
  eden space 210944K, 100% used [0x00000007aab00000,0x00000007b7900000,0x00000007b7900000)
  from space 63488K, 85% used [0x00000007bc200000,0x00000007bf716fb8,0x00000007c0000000)
  to   space 69120K, 0% used [0x00000007b7900000,0x00000007b7900000,0x00000007bbc80000)
 ParOldGen       total 196096K, used 80822K [0x0000000780000000, 0x000000078bf80000, 0x00000007aab00000)
  object space 196096K, 41% used [0x0000000780000000,0x0000000784eed9a8,0x000000078bf80000)
 Metaspace       used 54717K, capacity 58470K, committed 58800K, reserved 1099776K
  class space    used 7557K, capacity 8526K, committed 8624K, reserved 1048576K
Event: 1149.512 GC heap after
Heap after GC invocations=60 (full 3):
 PSYoungGen      total 258048K, used 46656K [0x00000007aab00000, 0x00000007c0000000, 0x00000007c0000000)
  eden space 210944K, 0% used [0x00000007aab00000,0x00000007aab00000,0x00000007b7900000)
  from space 47104K, 99% used [0x00000007b7900000,0x00000007ba690278,0x00000007ba700000)
  to   space 70656K, 0% used [0x00000007bbb00000,0x00000007bbb00000,0x00000007c0000000)
 ParOldGen       total 196096K, used 81990K [0x0000000780000000, 0x000000078bf80000, 0x00000007aab00000)
  object space 196096K, 41% used [0x0000000780000000,0x00000007850119e8,0x000000078bf80000)
 Metaspace       used 54717K, capacity 58470K, committed 58800K, reserved 1099776K
  class space    used 7557K, capacity 8526K, committed 8624K, reserved 1048576K
}
Event: 1152.948 GC heap before
{Heap before GC invocations=61 (full 3):
 PSYoungGen      total 258048K, used 257600K [0x00000007aab00000, 0x00000007c0000000, 0x00000007c0000000)
  eden space 210944K, 100% used [0x00000007aab00000,0x00000007b7900000,0x00000007b7900000)
  from space 47104K, 99% used [0x00000007b7900000,0x00000007ba690278,0x00000007ba700000)
  to   space 70656K, 0% used [0x00000007bbb00000,0x00000007bbb00000,0x00000007c0000000)
 ParOldGen       total 196096K, used 81990K [0x0000000780000000, 0x000000078bf80000, 0x00000007aab00000)
  object space 196096K, 41% used [0x0000000780000000,0x00000007850119e8,0x000000078bf80000)
 Metaspace       used 54717K, capacity 58470K, committed 58800K, reserved 1099776K
  class space    used 7557K, capacity 8526K, committed 8624K, reserved 1048576K
Event: 1152.986 GC heap after
Heap after GC invocations=61 (full 3):
 PSYoungGen      total 279552K, used 41358K [0x00000007aab00000, 0x00000007c0000000, 0x00000007c0000000)
  eden space 208896K, 0% used [0x00000007aab00000,0x00000007aab00000,0x00000007b7700000)
  from space 70656K, 58% used [0x00000007bbb00000,0x00000007be363a98,0x00000007c0000000)
  to   space 69632K, 0% used [0x00000007b7700000,0x00000007b7700000,0x00000007bbb00000)
 ParOldGen       total 196096K, used 82022K [0x0000000780000000, 0x000000078bf80000, 0x00000007aab00000)
  object space 196096K, 41% used [0x0000000780000000,0x00000007850199e8,0x000000078bf80000)
 Metaspace       used 54717K, capacity 58470K, committed 58800K, reserved 1099776K
  class space    used 7557K, capacity 8526K, committed 8624K, reserved 1048576K
}
Event: 1157.902 GC heap before
{Heap before GC invocations=62 (full 3):
 PSYoungGen      total 279552K, used 250254K [0x00000007aab00000, 0x00000007c0000000, 0x00000007c0000000)
  eden space 208896K, 100% used [0x00000007aab00000,0x00000007b7700000,0x00000007b7700000)
  from space 70656K, 58% used [0x00000007bbb00000,0x00000007be363a98,0x00000007c0000000)
  to   space 69632K, 0% used [0x00000007b7700000,0x00000007b7700000,0x00000007bbb00000)
 ParOldGen       total 196096K, used 82022K [0x0000000780000000, 0x000000078bf80000, 0x00000007aab00000)
  object space 196096K, 41% used [0x0000000780000000,0x00000007850199e8,0x000000078bf80000)
 Metaspace       used 54718K, capacity 58470K, committed 58800K, reserved 1099776K
  class space    used 7557K, capacity 8526K, committed 8624K, reserved 1048576K
Event: 1157.940 GC heap after
Heap after GC invocations=62 (full 3):
 PSYoungGen      total 248832K, used 39840K [0x00000007aab00000, 0x00000007bfc00000, 0x00000007c0000000)
  eden space 208896K, 0% used [0x00000007aab00000,0x00000007aab00000,0x00000007b7700000)
  from space 39936K, 99% used [0x00000007b7700000,0x00000007b9de8020,0x00000007b9e00000)
  to   space 68096K, 0% used [0x00000007bb980000,0x00000007bb980000,0x00000007bfc00000)
 ParOldGen       total 196096K, used 82046K [0x0000000780000000, 0x000000078bf80000, 0x00000007aab00000)
  object space 196096K, 41% used [0x0000000780000000,0x000000078501f9e8,0x000000078bf80000)
 Metaspace       used 54718K, capacity 58470K, committed 58800K, reserved 1099776K
  class space    used 7557K, capacity 8526K, committed 8624K, reserved 1048576K
}
Event: 1160.918 GC heap before
{Heap before GC invocations=63 (full 3):
 PSYoungGen      total 248832K, used 248736K [0x00000007aab00000, 0x00000007bfc00000, 0x00000007c0000000)
  eden space 208896K, 100% used [0x00000007aab00000,0x00000007b7700000,0x00000007b7700000)
  from space 39936K, 99% used [0x00000007b7700000,0x00000007b9de8020,0x00000007b9e00000)
  to   space 68096K, 0% used [0x00000007bb980000,0x00000007bb980000,0x00000007bfc00000)
 ParOldGen       total 196096K, used 82046K [0x0000000780000000, 0x000000078bf80000, 0x00000007aab00000)
  object space 196096K, 41% used [0x0000000780000000,0x000000078501f9e8,0x000000078bf80000)
 Metaspace       used 54720K, capacity 58470K, committed 58800K, reserved 1099776K
  class space    used 7557K, capacity 8526K, committed 8624K, reserved 1048576K
Event: 1160.951 GC heap after
Heap after GC invocations=63 (full 3):
 PSYoungGen      total 278016K, used 41229K [0x00000007aab00000, 0x00000007c0000000, 0x00000007c0000000)
  eden space 209920K, 0% used [0x00000007aab00000,0x00000007aab00000,0x00000007b7800000)
  from space 68096K, 60% used [0x00000007bb980000,0x00000007be1c37f8,0x00000007bfc00000)
  to   space 67072K, 0% used [0x00000007b7800000,0x00000007b7800000,0x00000007bb980000)
 ParOldGen       total 196096K, used 82046K [0x0000000780000000, 0x000000078bf80000, 0x00000007aab00000)
  object space 196096K, 41% used [0x0000000780000000,0x000000078501f9e8,0x000000078bf80000)
 Metaspace       used 54720K, capacity 58470K, committed 58800K, reserved 1099776K
  class space    used 7557K, capacity 8526K, committed 8624K, reserved 1048576K
}

Deoptimization events (10 events):
Event: 1072.023 Thread 0x00007fd8d8ea3800 Uncommon trap: reason=class_check action=maybe_recompile pc=0x000000010ab741f0 method=java.util.AbstractQueue.clear()V @ 1
Event: 1089.349 Thread 0x00007fd8de1ae000 Uncommon trap: reason=class_check action=maybe_recompile pc=0x000000010c2a623c method=org.gradle.api.internal.provider.AbstractMappingProvider.get()Ljava/lang/Object; @ 5
Event: 1089.351 Thread 0x00007fd8de1ae000 Uncommon trap: reason=class_check action=maybe_recompile pc=0x000000010c2a623c method=org.gradle.api.internal.provider.AbstractMappingProvider.get()Ljava/lang/Object; @ 5
Event: 1089.352 Thread 0x00007fd8de1ae000 Uncommon trap: reason=class_check action=maybe_recompile pc=0x000000010c2a6250 method=org.gradle.api.internal.provider.AbstractMappingProvider.get()Ljava/lang/Object; @ 10
Event: 1089.352 Thread 0x00007fd8de1ae000 Uncommon trap: reason=class_check action=maybe_recompile pc=0x000000010c2a6250 method=org.gradle.api.internal.provider.AbstractMappingProvider.get()Ljava/lang/Object; @ 10
Event: 1111.708 Thread 0x00007fd8de31d800 Uncommon trap: reason=unstable_if action=reinterpret pc=0x000000010bf66e28 method=java.net.URI.quote(Ljava/lang/String;JJ)Ljava/lang/String; @ 59
Event: 1111.708 Thread 0x00007fd8de31d800 Uncommon trap: reason=unstable_if action=reinterpret pc=0x000000010ae4dbb0 method=java.net.URI.decode(Ljava/lang/String;)Ljava/lang/String; @ 23
Event: 1111.708 Thread 0x00007fd8de31d800 Uncommon trap: reason=unstable_if action=reinterpret pc=0x000000010b07e068 method=aQute.bnd.osgi.Builder.copy(LaQute/bnd/osgi/Jar;Ljava/lang/String;Ljava/io/File;LaQute/bnd/osgi/Instructions;Ljava/util/Map;)V @ 82
Event: 1111.710 Thread 0x00007fd8de31d800 Uncommon trap: reason=unstable_if action=reinterpret pc=0x000000010aa2a8b4 method=java.net.URI.quote(Ljava/lang/String;JJ)Ljava/lang/String; @ 59
Event: 1111.711 Thread 0x00007fd8de31d800 Uncommon trap: reason=unstable_if action=reinterpret pc=0x000000010aad4388 method=java.net.URI.quote(Ljava/lang/String;JJ)Ljava/lang/String; @ 59

Classes redefined (0 events):
No events

Internal exceptions (10 events):
Event: 1066.056 Thread 0x00007fd8d8ea3800 Exception <a 'sun/nio/fs/UnixException'> (0x00000007af5be9d8) thrown at [/Users/java_re/workspace/8-2-build-macosx-x86_64/jdk8u161/10277/hotspot/src/share/vm/prims/jni.cpp, line 709]
Event: 1066.056 Thread 0x00007fd8d8ea3800 Exception <a 'sun/nio/fs/UnixException'> (0x00000007af5c20f8) thrown at [/Users/java_re/workspace/8-2-build-macosx-x86_64/jdk8u161/10277/hotspot/src/share/vm/prims/jni.cpp, line 709]
Event: 1066.056 Thread 0x00007fd8d8ea3800 Exception <a 'sun/nio/fs/UnixException'> (0x00000007af5c4ba8) thrown at [/Users/java_re/workspace/8-2-build-macosx-x86_64/jdk8u161/10277/hotspot/src/share/vm/prims/jni.cpp, line 709]
Event: 1066.057 Thread 0x00007fd8d8ea3800 Exception <a 'sun/nio/fs/UnixException'> (0x00000007af5c6990) thrown at [/Users/java_re/workspace/8-2-build-macosx-x86_64/jdk8u161/10277/hotspot/src/share/vm/prims/jni.cpp, line 709]
Event: 1066.057 Thread 0x00007fd8d8ea3800 Exception <a 'sun/nio/fs/UnixException'> (0x00000007af5caaf0) thrown at [/Users/java_re/workspace/8-2-build-macosx-x86_64/jdk8u161/10277/hotspot/src/share/vm/prims/jni.cpp, line 709]
Event: 1066.057 Thread 0x00007fd8d8ea3800 Exception <a 'sun/nio/fs/UnixException'> (0x00000007af5cca90) thrown at [/Users/java_re/workspace/8-2-build-macosx-x86_64/jdk8u161/10277/hotspot/src/share/vm/prims/jni.cpp, line 709]
Event: 1066.057 Thread 0x00007fd8d8ea3800 Exception <a 'sun/nio/fs/UnixException'> (0x00000007af5cf298) thrown at [/Users/java_re/workspace/8-2-build-macosx-x86_64/jdk8u161/10277/hotspot/src/share/vm/prims/jni.cpp, line 709]
Event: 1066.057 Thread 0x00007fd8d8ea3800 Exception <a 'sun/nio/fs/UnixException'> (0x00000007af5d1240) thrown at [/Users/java_re/workspace/8-2-build-macosx-x86_64/jdk8u161/10277/hotspot/src/share/vm/prims/jni.cpp, line 709]
Event: 1066.059 Thread 0x00007fd8d8ea3800 Exception <a 'sun/nio/fs/UnixException'> (0x00000007af60ca58) thrown at [/Users/java_re/workspace/8-2-build-macosx-x86_64/jdk8u161/10277/hotspot/src/share/vm/prims/jni.cpp, line 709]
Event: 1066.059 Thread 0x00007fd8d8ea3800 Exception <a 'sun/nio/fs/UnixException'> (0x00000007af60f418) thrown at [/Users/java_re/workspace/8-2-build-macosx-x86_64/jdk8u161/10277/hotspot/src/share/vm/prims/jni.cpp, line 709]

Events (10 events):
Event: 1157.902 Executing VM operation: ParallelGCFailedAllocation
Event: 1157.940 Executing VM operation: ParallelGCFailedAllocation done
Event: 1157.989 Executing VM operation: RevokeBias
Event: 1157.989 Executing VM operation: RevokeBias done
Event: 1157.989 Thread 0x00007fd8de877800 Thread exited: 0x00007fd8de877800
Event: 1159.587 Thread 0x00007fd8da007000 flushing nmethod 0x000000010a6bacd0
Event: 1159.590 Thread 0x00007fd8da007000 flushing nmethod 0x000000010a822610
Event: 1160.918 Executing VM operation: ParallelGCFailedAllocation
Event: 1160.951 Executing VM operation: ParallelGCFailedAllocation done
Event: 1161.015 Thread 0x00007fd8da007000 flushing nmethod 0x000000010ab97a90


Dynamic libraries:
0x000000002fe29000 	/System/Library/Frameworks/Cocoa.framework/Versions/A/Cocoa
0x000000002fe29000 	/System/Library/Frameworks/Security.framework/Versions/A/Security
0x000000002fe29000 	/System/Library/Frameworks/ApplicationServices.framework/Versions/A/ApplicationServices
0x000000002fe29000 	/usr/lib/libz.1.dylib
0x000000002fe29000 	/usr/lib/libSystem.B.dylib
0x000000002fe29000 	/usr/lib/libobjc.A.dylib
0x000000002fe29000 	/System/Library/Frameworks/CoreFoundation.framework/Versions/A/CoreFoundation
0x000000002fe29000 	/System/Library/Frameworks/Foundation.framework/Versions/C/Foundation
0x000000002fe29000 	/System/Library/Frameworks/AppKit.framework/Versions/C/AppKit
0x000000002fe29000 	/System/Library/Frameworks/CoreData.framework/Versions/A/CoreData
0x000000002fe29000 	/System/Library/PrivateFrameworks/RemoteViewServices.framework/Versions/A/RemoteViewServices
0x000000002fe29000 	/System/Library/PrivateFrameworks/UIFoundation.framework/Versions/A/UIFoundation
0x000000002fe29000 	/System/Library/PrivateFrameworks/DFRFoundation.framework/Versions/A/DFRFoundation
0x000000002fe29000 	/System/Library/Frameworks/Metal.framework/Versions/A/Metal
0x000000002fe29000 	/System/Library/PrivateFrameworks/DesktopServicesPriv.framework/Versions/A/DesktopServicesPriv
0x000000002fe29000 	/usr/lib/libenergytrace.dylib
0x000000002fe29000 	/System/Library/PrivateFrameworks/SkyLight.framework/Versions/A/SkyLight
0x000000002fe29000 	/System/Library/Frameworks/CoreGraphics.framework/Versions/A/CoreGraphics
0x000000002fe29000 	/usr/lib/libScreenReader.dylib
0x000000002fe29000 	/System/Library/Frameworks/Accelerate.framework/Versions/A/Accelerate
0x000000002fe29000 	/System/Library/Frameworks/IOSurface.framework/Versions/A/IOSurface
0x000000002fe29000 	/System/Library/Frameworks/AudioToolbox.framework/Versions/A/AudioToolbox
0x000000002fe29000 	/System/Library/Frameworks/AudioUnit.framework/Versions/A/AudioUnit
0x000000002fe29000 	/System/Library/PrivateFrameworks/DataDetectorsCore.framework/Versions/A/DataDetectorsCore
0x000000002fe29000 	/System/Library/Frameworks/Carbon.framework/Versions/A/Frameworks/HIToolbox.framework/Versions/A/HIToolbox
0x000000002fe29000 	/usr/lib/libicucore.A.dylib
0x000000002fe29000 	/System/Library/Frameworks/QuartzCore.framework/Versions/A/QuartzCore
0x000000002fe29000 	/System/Library/PrivateFrameworks/SignpostNotification.framework/Versions/A/SignpostNotification
0x000000002fe29000 	/System/Library/Frameworks/Carbon.framework/Versions/A/Frameworks/SpeechRecognition.framework/Versions/A/SpeechRecognition
0x000000002fe29000 	/usr/lib/libauto.dylib
0x000000002fe29000 	/usr/lib/libxml2.2.dylib
0x000000002fe29000 	/System/Library/PrivateFrameworks/CoreUI.framework/Versions/A/CoreUI
0x000000002fe29000 	/System/Library/Frameworks/CoreAudio.framework/Versions/A/CoreAudio
0x000000002fe29000 	/System/Library/Frameworks/DiskArbitration.framework/Versions/A/DiskArbitration
0x000000002fe29000 	/usr/lib/liblangid.dylib
0x000000002fe29000 	/System/Library/PrivateFrameworks/MultitouchSupport.framework/Versions/A/MultitouchSupport
0x000000002fe29000 	/System/Library/Frameworks/IOKit.framework/Versions/A/IOKit
0x000000002fe29000 	/usr/lib/libDiagnosticMessagesClient.dylib
0x000000002fe29000 	/System/Library/Frameworks/CoreServices.framework/Versions/A/CoreServices
0x000000002fe29000 	/System/Library/PrivateFrameworks/PerformanceAnalysis.framework/Versions/A/PerformanceAnalysis
0x000000002fe29000 	/System/Library/Frameworks/OpenGL.framework/Versions/A/OpenGL
0x000000002fe29000 	/System/Library/Frameworks/ColorSync.framework/Versions/A/ColorSync
0x000000002fe29000 	/System/Library/Frameworks/CoreImage.framework/Versions/A/CoreImage
0x000000002fe29000 	/System/Library/Frameworks/CoreText.framework/Versions/A/CoreText
0x000000002fe29000 	/System/Library/Frameworks/ImageIO.framework/Versions/A/ImageIO
0x000000002fe29000 	/System/Library/PrivateFrameworks/Backup.framework/Versions/A/Backup
0x000000002fe29000 	/usr/lib/libarchive.2.dylib
0x000000002fe29000 	/System/Library/Frameworks/CFNetwork.framework/Versions/A/CFNetwork
0x000000002fe29000 	/System/Library/Frameworks/SystemConfiguration.framework/Versions/A/SystemConfiguration
0x000000002fe29000 	/usr/lib/libCRFSuite.dylib
0x000000002fe29000 	/usr/lib/libc++.1.dylib
0x000000002fe29000 	/usr/lib/libc++abi.dylib
0x000000002fe29000 	/usr/lib/system/libcache.dylib
0x000000002fe29000 	/usr/lib/system/libcommonCrypto.dylib
0x000000002fe29000 	/usr/lib/system/libcompiler_rt.dylib
0x000000002fe29000 	/usr/lib/system/libcopyfile.dylib
0x000000002fe29000 	/usr/lib/system/libcorecrypto.dylib
0x000000002fe29000 	/usr/lib/system/libdispatch.dylib
0x000000002fe29000 	/usr/lib/system/libdyld.dylib
0x000000002fe29000 	/usr/lib/system/libkeymgr.dylib
0x000000002fe29000 	/usr/lib/system/liblaunch.dylib
0x000000002fe29000 	/usr/lib/system/libmacho.dylib
0x000000002fe29000 	/usr/lib/system/libquarantine.dylib
0x000000002fe29000 	/usr/lib/system/libremovefile.dylib
0x000000002fe29000 	/usr/lib/system/libsystem_asl.dylib
0x000000002fe29000 	/usr/lib/system/libsystem_blocks.dylib
0x000000002fe29000 	/usr/lib/system/libsystem_c.dylib
0x000000002fe29000 	/usr/lib/system/libsystem_configuration.dylib
0x000000002fe29000 	/usr/lib/system/libsystem_coreservices.dylib
0x000000002fe29000 	/usr/lib/system/libsystem_darwin.dylib
0x000000002fe29000 	/usr/lib/system/libsystem_dnssd.dylib
0x000000002fe29000 	/usr/lib/system/libsystem_info.dylib
0x000000002fe29000 	/usr/lib/system/libsystem_m.dylib
0x000000002fe29000 	/usr/lib/system/libsystem_malloc.dylib
0x000000002fe29000 	/usr/lib/system/libsystem_network.dylib
0x000000002fe29000 	/usr/lib/system/libsystem_networkextension.dylib
0x000000002fe29000 	/usr/lib/system/libsystem_notify.dylib
0x000000002fe29000 	/usr/lib/system/libsystem_sandbox.dylib
0x000000002fe29000 	/usr/lib/system/libsystem_secinit.dylib
0x000000002fe29000 	/usr/lib/system/libsystem_kernel.dylib
0x000000002fe29000 	/usr/lib/system/libsystem_platform.dylib
0x000000002fe29000 	/usr/lib/system/libsystem_pthread.dylib
0x000000002fe29000 	/usr/lib/system/libsystem_symptoms.dylib
0x000000002fe29000 	/usr/lib/system/libsystem_trace.dylib
0x000000002fe29000 	/usr/lib/system/libunwind.dylib
0x000000002fe29000 	/usr/lib/system/libxpc.dylib
0x000000002fe29000 	/usr/lib/closure/libclosured.dylib
0x000000002fe29000 	/usr/lib/libbsm.0.dylib
0x000000002fe29000 	/usr/lib/system/libkxld.dylib
0x000000002fe29000 	/usr/lib/libOpenScriptingUtil.dylib
0x000000002fe29000 	/usr/lib/libcoretls.dylib
0x000000002fe29000 	/usr/lib/libcoretls_cfhelpers.dylib
0x000000002fe29000 	/usr/lib/libpam.2.dylib
0x000000002fe29000 	/usr/lib/libsqlite3.dylib
0x000000002fe29000 	/usr/lib/libxar.1.dylib
0x000000002fe29000 	/usr/lib/libbz2.1.0.dylib
0x000000002fe29000 	/usr/lib/liblzma.5.dylib
0x000000002fe29000 	/usr/lib/libnetwork.dylib
0x000000002fe29000 	/usr/lib/libapple_nghttp2.dylib
0x000000002fe29000 	/usr/lib/libpcap.A.dylib
0x000000002fe29000 	/usr/lib/libboringssl.dylib
0x000000002fe29000 	/usr/lib/libusrtcp.dylib
0x000000002fe29000 	/usr/lib/libapple_crypto.dylib
0x000000002fe29000 	/System/Library/Frameworks/CoreServices.framework/Versions/A/Frameworks/FSEvents.framework/Versions/A/FSEvents
0x000000002fe29000 	/System/Library/Frameworks/CoreServices.framework/Versions/A/Frameworks/CarbonCore.framework/Versions/A/CarbonCore
0x000000002fe29000 	/System/Library/Frameworks/CoreServices.framework/Versions/A/Frameworks/Metadata.framework/Versions/A/Metadata
0x000000002fe29000 	/System/Library/Frameworks/CoreServices.framework/Versions/A/Frameworks/OSServices.framework/Versions/A/OSServices
0x000000002fe29000 	/System/Library/Frameworks/CoreServices.framework/Versions/A/Frameworks/SearchKit.framework/Versions/A/SearchKit
0x000000002fe29000 	/System/Library/Frameworks/CoreServices.framework/Versions/A/Frameworks/AE.framework/Versions/A/AE
0x000000002fe29000 	/System/Library/Frameworks/CoreServices.framework/Versions/A/Frameworks/LaunchServices.framework/Versions/A/LaunchServices
0x000000002fe29000 	/System/Library/Frameworks/CoreServices.framework/Versions/A/Frameworks/DictionaryServices.framework/Versions/A/DictionaryServices
0x000000002fe29000 	/System/Library/Frameworks/CoreServices.framework/Versions/A/Frameworks/SharedFileList.framework/Versions/A/SharedFileList
0x000000002fe29000 	/System/Library/Frameworks/NetFS.framework/Versions/A/NetFS
0x000000002fe29000 	/System/Library/PrivateFrameworks/NetAuth.framework/Versions/A/NetAuth
0x000000002fe29000 	/System/Library/PrivateFrameworks/login.framework/Versions/A/Frameworks/loginsupport.framework/Versions/A/loginsupport
0x000000002fe29000 	/System/Library/PrivateFrameworks/TCC.framework/Versions/A/TCC
0x000000002fe29000 	/usr/lib/libmecabra.dylib
0x000000002fe29000 	/System/Library/Frameworks/ApplicationServices.framework/Versions/A/Frameworks/ATS.framework/Versions/A/ATS
0x000000002fe29000 	/System/Library/Frameworks/ApplicationServices.framework/Versions/A/Frameworks/ColorSyncLegacy.framework/Versions/A/ColorSyncLegacy
0x000000002fe29000 	/System/Library/Frameworks/ApplicationServices.framework/Versions/A/Frameworks/HIServices.framework/Versions/A/HIServices
0x000000002fe29000 	/System/Library/Frameworks/ApplicationServices.framework/Versions/A/Frameworks/LangAnalysis.framework/Versions/A/LangAnalysis
0x000000002fe29000 	/System/Library/Frameworks/ApplicationServices.framework/Versions/A/Frameworks/PrintCore.framework/Versions/A/PrintCore
0x000000002fe29000 	/System/Library/Frameworks/ApplicationServices.framework/Versions/A/Frameworks/QD.framework/Versions/A/QD
0x000000002fe29000 	/System/Library/Frameworks/ApplicationServices.framework/Versions/A/Frameworks/SpeechSynthesis.framework/Versions/A/SpeechSynthesis
0x000000002fe29000 	/System/Library/Frameworks/CoreDisplay.framework/Versions/A/CoreDisplay
0x000000002fe29000 	/System/Library/Frameworks/Accelerate.framework/Versions/A/Frameworks/vImage.framework/Versions/A/vImage
0x000000002fe29000 	/System/Library/Frameworks/Accelerate.framework/Versions/A/Frameworks/vecLib.framework/Versions/A/vecLib
0x000000002fe29000 	/System/Library/Frameworks/Accelerate.framework/Versions/A/Frameworks/vecLib.framework/Versions/A/libvDSP.dylib
0x000000002fe29000 	/System/Library/Frameworks/Accelerate.framework/Versions/A/Frameworks/vecLib.framework/Versions/A/libBNNS.dylib
0x000000002fe29000 	/System/Library/Frameworks/Accelerate.framework/Versions/A/Frameworks/vecLib.framework/Versions/A/libQuadrature.dylib
0x000000002fe29000 	/System/Library/Frameworks/Accelerate.framework/Versions/A/Frameworks/vecLib.framework/Versions/A/libvMisc.dylib
0x000000002fe29000 	/System/Library/Frameworks/Accelerate.framework/Versions/A/Frameworks/vecLib.framework/Versions/A/libLAPACK.dylib
0x000000002fe29000 	/System/Library/Frameworks/Accelerate.framework/Versions/A/Frameworks/vecLib.framework/Versions/A/libBLAS.dylib
0x000000002fe29000 	/System/Library/Frameworks/Accelerate.framework/Versions/A/Frameworks/vecLib.framework/Versions/A/libLinearAlgebra.dylib
0x000000002fe29000 	/System/Library/Frameworks/Accelerate.framework/Versions/A/Frameworks/vecLib.framework/Versions/A/libSparse.dylib
0x000000002fe29000 	/System/Library/Frameworks/Accelerate.framework/Versions/A/Frameworks/vecLib.framework/Versions/A/libSparseBLAS.dylib
0x000000002fe29000 	/System/Library/PrivateFrameworks/GPUWrangler.framework/Versions/A/GPUWrangler
0x000000002fe29000 	/System/Library/PrivateFrameworks/IOAccelerator.framework/Versions/A/IOAccelerator
0x000000002fe29000 	/System/Library/PrivateFrameworks/IOPresentment.framework/Versions/A/IOPresentment
0x000000002fe29000 	/System/Library/PrivateFrameworks/DSExternalDisplay.framework/Versions/A/DSExternalDisplay
0x000000002fe29000 	/System/Library/Frameworks/OpenGL.framework/Versions/A/Libraries/libCoreFSCache.dylib
0x000000002fe29000 	/System/Library/Frameworks/CoreVideo.framework/Versions/A/CoreVideo
0x000000002fe29000 	/System/Library/PrivateFrameworks/GraphVisualizer.framework/Versions/A/GraphVisualizer
0x000000002fe29000 	/System/Library/Frameworks/MetalPerformanceShaders.framework/Versions/A/MetalPerformanceShaders
0x000000002fe29000 	/usr/lib/libFosl_dynamic.dylib
0x000000002fe29000 	/System/Library/PrivateFrameworks/FaceCore.framework/Versions/A/FaceCore
0x000000002fe29000 	/System/Library/Frameworks/OpenCL.framework/Versions/A/OpenCL
0x000000002fe29000 	/usr/lib/libcompression.dylib
0x000000002fe29000 	/System/Library/Frameworks/ApplicationServices.framework/Versions/A/Frameworks/ATS.framework/Versions/A/Resources/libFontParser.dylib
0x000000002fe29000 	/System/Library/Frameworks/ApplicationServices.framework/Versions/A/Frameworks/ATS.framework/Versions/A/Resources/libFontRegistry.dylib
0x000000002fe29000 	/System/Library/Frameworks/ImageIO.framework/Versions/A/Resources/libJPEG.dylib
0x000000002fe29000 	/System/Library/Frameworks/ImageIO.framework/Versions/A/Resources/libTIFF.dylib
0x000000002fe29000 	/System/Library/Frameworks/ImageIO.framework/Versions/A/Resources/libPng.dylib
0x000000002fe29000 	/System/Library/Frameworks/ImageIO.framework/Versions/A/Resources/libGIF.dylib
0x000000002fe29000 	/System/Library/Frameworks/ImageIO.framework/Versions/A/Resources/libJP2.dylib
0x000000002fe29000 	/System/Library/Frameworks/ImageIO.framework/Versions/A/Resources/libRadiance.dylib
0x000000002fe29000 	/System/Library/PrivateFrameworks/AppleJPEG.framework/Versions/A/AppleJPEG
0x000000002fe29000 	/System/Library/Frameworks/MetalPerformanceShaders.framework/Frameworks/MPSCore.framework/Versions/A/MPSCore
0x000000002fe29000 	/System/Library/Frameworks/MetalPerformanceShaders.framework/Frameworks/MPSImage.framework/Versions/A/MPSImage
0x000000002fe29000 	/System/Library/Frameworks/MetalPerformanceShaders.framework/Frameworks/MPSNeuralNetwork.framework/Versions/A/MPSNeuralNetwork
0x000000002fe29000 	/System/Library/Frameworks/MetalPerformanceShaders.framework/Frameworks/MPSMatrix.framework/Versions/A/MPSMatrix
0x000000002fe29000 	/System/Library/PrivateFrameworks/MetalTools.framework/Versions/A/MetalTools
0x000000002fe29000 	/System/Library/Frameworks/OpenGL.framework/Versions/A/Libraries/libGLU.dylib
0x000000002fe29000 	/System/Library/Frameworks/OpenGL.framework/Versions/A/Libraries/libGFXShared.dylib
0x000000002fe29000 	/System/Library/Frameworks/OpenGL.framework/Versions/A/Libraries/libGL.dylib
0x000000002fe29000 	/System/Library/Frameworks/OpenGL.framework/Versions/A/Libraries/libGLImage.dylib
0x000000002fe29000 	/System/Library/Frameworks/OpenGL.framework/Versions/A/Libraries/libCVMSPluginSupport.dylib
0x000000002fe29000 	/System/Library/Frameworks/OpenGL.framework/Versions/A/Libraries/libCoreVMClient.dylib
0x000000002fe29000 	/usr/lib/libcups.2.dylib
0x000000002fe29000 	/System/Library/Frameworks/Kerberos.framework/Versions/A/Kerberos
0x000000002fe29000 	/System/Library/Frameworks/GSS.framework/Versions/A/GSS
0x000000002fe29000 	/usr/lib/libresolv.9.dylib
0x000000002fe29000 	/usr/lib/libiconv.2.dylib
0x000000002fe29000 	/System/Library/PrivateFrameworks/Heimdal.framework/Versions/A/Heimdal
0x000000002fe29000 	/usr/lib/libheimdal-asn1.dylib
0x000000002fe29000 	/System/Library/Frameworks/OpenDirectory.framework/Versions/A/OpenDirectory
0x000000002fe29000 	/System/Library/PrivateFrameworks/CommonAuth.framework/Versions/A/CommonAuth
0x000000002fe29000 	/System/Library/Frameworks/OpenDirectory.framework/Versions/A/Frameworks/CFOpenDirectory.framework/Versions/A/CFOpenDirectory
0x000000002fe29000 	/System/Library/Frameworks/SecurityFoundation.framework/Versions/A/SecurityFoundation
0x000000002fe29000 	/System/Library/PrivateFrameworks/APFS.framework/Versions/A/APFS
0x000000002fe29000 	/usr/lib/libutil.dylib
0x000000002fe29000 	/System/Library/PrivateFrameworks/AppleSauce.framework/Versions/A/AppleSauce
0x000000002fe29000 	/System/Library/PrivateFrameworks/LinguisticData.framework/Versions/A/LinguisticData
0x000000002fe29000 	/usr/lib/libmarisa.dylib
0x000000002fe29000 	/System/Library/PrivateFrameworks/Lexicon.framework/Versions/A/Lexicon
0x000000002fe29000 	/usr/lib/libChineseTokenizer.dylib
0x000000002fe29000 	/usr/lib/libcmph.dylib
0x000000002fe29000 	/System/Library/PrivateFrameworks/LanguageModeling.framework/Versions/A/LanguageModeling
0x000000002fe29000 	/System/Library/PrivateFrameworks/CoreEmoji.framework/Versions/A/CoreEmoji
0x000000002fe29000 	/System/Library/Frameworks/ServiceManagement.framework/Versions/A/ServiceManagement
0x000000002fe29000 	/System/Library/PrivateFrameworks/BackgroundTaskManagement.framework/Versions/A/BackgroundTaskManagement
0x000000002fe29000 	/usr/lib/libxslt.1.dylib
0x000000002fe29000 	/System/Library/Frameworks/Carbon.framework/Versions/A/Frameworks/Ink.framework/Versions/A/Ink
0x000000002fe29000 	/System/Library/PrivateFrameworks/TextureIO.framework/Versions/A/TextureIO
0x000000002fe29000 	/usr/lib/libate.dylib
0x000000002fe29000 	/System/Library/PrivateFrameworks/CrashReporterSupport.framework/Versions/A/CrashReporterSupport
0x000000002fe29000 	/System/Library/PrivateFrameworks/Sharing.framework/Versions/A/Sharing
0x000000002fe29000 	/System/Library/PrivateFrameworks/IconServices.framework/Versions/A/IconServices
0x000000002fe29000 	/System/Library/PrivateFrameworks/AuthKit.framework/Versions/A/AuthKit
0x000000002fe29000 	/System/Library/PrivateFrameworks/Apple80211.framework/Versions/A/Apple80211
0x000000002fe29000 	/System/Library/PrivateFrameworks/CoreUtils.framework/Versions/A/CoreUtils
0x000000002fe29000 	/System/Library/Frameworks/CoreWLAN.framework/Versions/A/CoreWLAN
0x000000002fe29000 	/System/Library/Frameworks/IOBluetooth.framework/Versions/A/IOBluetooth
0x000000002fe29000 	/System/Library/PrivateFrameworks/ProtocolBuffer.framework/Versions/A/ProtocolBuffer
0x000000002fe29000 	/System/Library/PrivateFrameworks/MobileKeyBag.framework/Versions/A/MobileKeyBag
0x000000002fe29000 	/System/Library/PrivateFrameworks/CorePhoneNumbers.framework/Versions/A/CorePhoneNumbers
0x000000002fe29000 	/System/Library/PrivateFrameworks/AppleIDAuthSupport.framework/Versions/A/AppleIDAuthSupport
0x000000002fe29000 	/System/Library/PrivateFrameworks/KeychainCircle.framework/Versions/A/KeychainCircle
0x000000002fe29000 	/System/Library/PrivateFrameworks/CoreWiFi.framework/Versions/A/CoreWiFi
0x000000002fe29000 	/System/Library/Frameworks/CoreBluetooth.framework/Versions/A/CoreBluetooth
0x000000002fe29000 	/System/Library/PrivateFrameworks/DebugSymbols.framework/Versions/A/DebugSymbols
0x000000002fe29000 	/System/Library/PrivateFrameworks/CoreSymbolication.framework/Versions/A/CoreSymbolication
0x000000002fe29000 	/System/Library/PrivateFrameworks/Symbolication.framework/Versions/A/Symbolication
0x000000002fe29000 	/System/Library/PrivateFrameworks/AppleFSCompression.framework/Versions/A/AppleFSCompression
0x000000002fe29000 	/System/Library/PrivateFrameworks/SpeechRecognitionCore.framework/Versions/A/SpeechRecognitionCore
0x0000000100e00000 	/Library/Java/JavaVirtualMachines/jdk1.8.0_161.jdk/Contents/Home/jre/lib/server/libjvm.dylib
0x000000002fe29000 	/usr/lib/libstdc++.6.0.9.dylib
0x0000000100508000 	/Library/Java/JavaVirtualMachines/jdk1.8.0_161.jdk/Contents/Home/jre/lib/libverify.dylib
0x0000000100516000 	/Library/Java/JavaVirtualMachines/jdk1.8.0_161.jdk/Contents/Home/jre/lib/libjava.dylib
0x0000000100596000 	/Library/Java/JavaVirtualMachines/jdk1.8.0_161.jdk/Contents/Home/jre/lib/libzip.dylib
0x00000001082fa000 	/Library/Java/JavaVirtualMachines/jdk1.8.0_161.jdk/Contents/Home/jre/lib/libnet.dylib
0x0000000108311000 	/Library/Java/JavaVirtualMachines/jdk1.8.0_161.jdk/Contents/Home/jre/lib/libnio.dylib
0x0000000108321000 	/Users/dangkhanhtrung/.gradle/native/25/osx-amd64/libnative-platform.dylib
0x0000000108792000 	/Library/Java/JavaVirtualMachines/jdk1.8.0_161.jdk/Contents/Home/jre/lib/libmanagement.dylib

VM Arguments:
jvm_args: -XX:+HeapDumpOnOutOfMemoryError -Xmx1024m -Dfile.encoding=UTF-8 -Duser.country=VN -Duser.language=en -Duser.variant 
java_command: org.gradle.launcher.daemon.bootstrap.GradleDaemon 4.8
java_class_path (initial): /usr/local/Cellar/gradle/4.8/libexec/lib/gradle-launcher-4.8.jar
Launcher Type: SUN_STANDARD

Environment Variables:
JAVA_HOME=/Library/Java/JavaVirtualMachines/jdk1.8.0_161.jdk/Contents/Home
PATH=/Applications/xampp/xamppfiles/bin:/usr/local/bin:/usr/bin:/bin:/usr/sbin:/sbin:/Applications/VMware Fusion.app/Contents/Public:/Users/dangkhanhtrung/Library/PackageManager/bin
SHELL=/bin/bash

Signal Handlers:
SIGSEGV: [libjvm.dylib+0x5b5439], sa_mask[0]=11111111011111110111111111111111, sa_flags=SA_ONSTACK|SA_RESTART|SA_SIGINFO
SIGBUS: [libjvm.dylib+0x5b5439], sa_mask[0]=11111111011111110111111111111111, sa_flags=SA_RESTART|SA_SIGINFO
SIGFPE: [libjvm.dylib+0x48ae24], sa_mask[0]=11111111011111110111111111111111, sa_flags=SA_RESTART|SA_SIGINFO
SIGPIPE: [libjvm.dylib+0x48ae24], sa_mask[0]=11111111011111110111111111111111, sa_flags=SA_RESTART|SA_SIGINFO
SIGXFSZ: [libjvm.dylib+0x48ae24], sa_mask[0]=11111111011111110111111111111111, sa_flags=SA_RESTART|SA_SIGINFO
SIGILL: [libjvm.dylib+0x48ae24], sa_mask[0]=11111111011111110111111111111111, sa_flags=SA_RESTART|SA_SIGINFO
SIGUSR1: SIG_DFL, sa_mask[0]=11011111011111100000000111000110, sa_flags=none
SIGUSR2: [libjvm.dylib+0x48a942], sa_mask[0]=00100000000000000000000000000000, sa_flags=SA_RESTART|SA_SIGINFO
SIGHUP: [libjvm.dylib+0x488f0d], sa_mask[0]=11111111011111110111111111111111, sa_flags=SA_RESTART|SA_SIGINFO
SIGINT: [libjvm.dylib+0x488f0d], sa_mask[0]=11111111011111110111111111111111, sa_flags=SA_RESTART|SA_SIGINFO
SIGTERM: [libjvm.dylib+0x488f0d], sa_mask[0]=11111111011111110111111111111111, sa_flags=SA_RESTART|SA_SIGINFO
SIGQUIT: [libjvm.dylib+0x488f0d], sa_mask[0]=11111111011111110111111111111111, sa_flags=SA_RESTART|SA_SIGINFO


---------------  S Y S T E M  ---------------

OS:Bsduname:Darwin 17.7.0 Darwin Kernel Version 17.7.0: Thu Jun 21 22:53:14 PDT 2018; root:xnu-4570.71.2~1/RELEASE_X86_64 x86_64
rlimit: STACK 8192k, CORE 0k, NPROC 709, NOFILE 10240, AS infinity
load average:4.89 3.14 2.74

CPU:total 4 (initial active 4) (2 cores per cpu, 2 threads per core) family 6 model 142 stepping 9, cmov, cx8, fxsr, mmx, sse, sse2, sse3, ssse3, sse4.1, sse4.2, popcnt, avx, avx2, aes, clmul, erms, rtm, 3dnowpref, lzcnt, ht, tsc, tscinvbit, bmi1, bmi2, adx

Memory: 4k page, physical 8388608k(27420k free)

/proc/meminfo:


vm_info: Java HotSpot(TM) 64-Bit Server VM (25.161-b12) for bsd-amd64 JRE (1.8.0_161-b12), built on Dec 19 2017 16:22:20 by "java_re" with gcc 4.2.1 (Based on Apple Inc. build 5658) (LLVM build 2336.11.00)

time: Fri Aug  3 11:48:41 2018
elapsed time: 1162 seconds (0d 0h 19m 22s)

